{"contracts/ERC1400Base/ERC1400.sol":{"l":{"144":298,"145":298,"151":311,"152":311,"158":299,"159":299,"186":296,"187":296,"188":296,"189":296,"190":296,"192":296,"194":296,"196":296,"197":296,"200":296,"201":296,"204":296,"205":296,"219":50,"227":311,"236":19,"237":5,"246":2,"255":6,"256":6,"257":6,"258":6,"268":31,"271":23,"272":6,"274":17,"277":23,"278":7,"294":0,"295":0,"309":0,"310":0,"316":0,"317":0,"318":0,"321":0,"329":0,"330":0,"332":0,"334":0,"335":0,"338":0,"339":0,"340":0,"343":0,"344":0,"346":0,"348":0,"355":0,"368":331,"376":0,"389":13,"399":5,"402":5,"403":0,"405":5,"408":5,"432":34,"461":20,"464":20,"465":6,"467":14,"470":20,"482":0,"494":20,"495":20,"496":20,"504":0,"505":0,"506":0,"514":7,"515":7,"524":0,"525":0,"538":20,"549":12,"560":0,"574":10,"576":10,"591":288,"606":9,"619":9,"622":9,"623":0,"625":9,"628":9,"640":11,"653":10,"655":10,"656":0,"658":10,"661":10,"677":0,"684":0,"691":0,"698":3,"705":0,"713":0,"724":0,"731":0,"742":1,"750":0,"757":1,"765":0,"778":0,"786":0,"800":15,"810":5,"811":5,"812":5,"813":5,"830":20,"849":0,"874":54,"875":52,"876":50,"878":50,"879":50,"881":50,"906":114,"908":112,"910":112,"911":1,"914":112,"915":112,"917":54,"918":54,"919":50,"921":50,"923":50,"925":50,"926":1,"929":50,"949":60,"951":60,"952":60,"954":60,"955":60,"956":60,"957":60,"958":18,"959":18,"961":0,"962":0,"966":18,"979":1,"980":1,"981":1,"984":1,"985":1,"989":0,"999":67,"1000":67,"1003":67,"1004":8,"1005":8,"1008":8,"1009":8,"1010":8,"1013":8,"1014":8,"1018":67,"1019":8,"1020":8,"1023":8,"1024":8,"1025":8,"1028":8,"1029":8,"1039":294,"1040":293,"1041":279,"1042":279,"1044":293,"1046":293,"1047":230,"1048":230,"1050":293,"1059":311,"1086":151,"1087":151,"1088":151,"1089":0,"1113":449,"1114":449,"1115":449,"1116":449,"1141":294,"1142":294,"1144":294,"1145":0,"1159":107,"1173":42,"1193":244,"1194":244,"1196":244,"1197":244,"1199":244,"1200":244,"1219":298,"1221":244,"1222":244,"1224":244,"1226":244,"1243":13,"1244":13,"1245":13,"1247":13,"1248":13,"1250":13,"1251":13,"1272":39,"1274":39,"1275":39,"1277":13,"1278":13,"1280":13,"1297":18,"1299":18,"1300":18,"1302":18,"1303":18,"1304":18,"1305":18,"1306":6,"1307":6,"1309":0,"1310":0,"1314":6,"1341":13,"1343":13,"1344":12,"1347":1,"1364":297,"1365":1,"1367":297,"1368":298,"1370":297,"1378":0,"1379":0,"1381":0,"1382":0,"1384":0,"1401":314,"1403":314,"1404":6,"1405":5,"1407":6,"1410":314,"1411":314,"1412":312,"1414":314,"1415":313,"1436":0,"1437":0,"1438":0,"1439":0,"1446":814,"1450":518},"path":"/Users/thodinh/code/InnoriaSecurityToken/contracts/ERC1400Base/ERC1400.sol","s":{"1":298,"2":311,"3":299,"4":296,"5":296,"6":296,"7":296,"8":296,"9":296,"10":296,"11":296,"12":296,"13":296,"14":296,"15":296,"16":296,"17":50,"18":311,"19":19,"20":5,"21":2,"22":6,"23":6,"24":6,"25":6,"26":31,"27":23,"28":6,"29":17,"30":23,"31":7,"32":0,"33":0,"34":0,"35":0,"36":0,"37":0,"38":0,"39":0,"40":0,"41":0,"42":0,"43":0,"44":0,"45":0,"46":0,"47":0,"48":0,"49":0,"50":0,"51":0,"52":331,"53":0,"54":13,"55":5,"56":5,"57":0,"58":5,"59":5,"60":34,"61":20,"62":20,"63":6,"64":14,"65":20,"66":0,"67":20,"68":20,"69":20,"70":0,"71":0,"72":0,"73":7,"74":7,"75":0,"76":0,"77":20,"78":12,"79":0,"80":10,"81":10,"82":288,"83":9,"84":9,"85":9,"86":0,"87":9,"88":9,"89":11,"90":10,"91":10,"92":0,"93":10,"94":10,"95":0,"96":0,"97":0,"98":3,"99":0,"100":0,"101":0,"102":0,"103":1,"104":0,"105":1,"106":0,"107":0,"108":0,"109":15,"110":5,"111":5,"112":5,"113":5,"114":20,"115":0,"116":54,"117":52,"118":50,"119":50,"120":50,"121":50,"122":114,"123":112,"124":112,"125":1,"126":112,"127":112,"128":54,"129":54,"130":50,"131":50,"132":50,"133":50,"134":1,"135":50,"136":60,"137":60,"138":60,"139":60,"140":60,"141":60,"142":60,"143":18,"144":0,"145":0,"146":0,"147":18,"148":1,"149":1,"150":1,"151":0,"152":67,"153":67,"154":67,"155":8,"156":8,"157":8,"158":8,"159":8,"160":8,"161":8,"162":67,"163":8,"164":8,"165":8,"166":8,"167":8,"168":8,"169":8,"170":294,"171":293,"172":279,"173":279,"174":293,"175":293,"176":230,"177":230,"178":293,"179":311,"180":151,"181":151,"182":151,"183":0,"184":449,"185":449,"186":449,"187":449,"188":294,"189":294,"190":294,"191":0,"192":107,"193":42,"194":244,"195":244,"196":244,"197":244,"198":244,"199":244,"200":298,"201":244,"202":244,"203":244,"204":244,"205":13,"206":13,"207":13,"208":13,"209":13,"210":13,"211":13,"212":39,"213":39,"214":39,"215":13,"216":13,"217":13,"218":18,"219":18,"220":18,"221":18,"222":18,"223":18,"224":18,"225":6,"226":0,"227":0,"228":6,"229":13,"230":13,"231":12,"232":1,"233":297,"234":1,"235":297,"236":298,"237":297,"238":0,"239":0,"240":0,"241":0,"242":0,"243":314,"244":314,"245":6,"246":5,"247":6,"248":314,"249":314,"250":312,"251":314,"252":313,"253":0,"254":0,"255":0,"256":0,"257":814,"258":518},"b":{"1":[298,0],"2":[311,0],"3":[299,0],"4":[299,0],"5":[296,0],"6":[6,0],"7":[23,8],"8":[17,6],"9":[6,17],"10":[0,0],"11":[0,0],"12":[0,0],"13":[0,0],"14":[0,0],"15":[0,0],"16":[5,0],"17":[5,0],"18":[0,5],"19":[20,0],"20":[14,6],"21":[6,14],"22":[20,0],"23":[0,0],"24":[10,0],"25":[10,0],"26":[10,0],"27":[288,0],"28":[288,0],"29":[9,0],"30":[9,0],"31":[0,9],"32":[10,0],"33":[10,0],"34":[0,10],"35":[0,0],"36":[0,0],"37":[1,0],"38":[0,0],"39":[0,0],"40":[5,0],"41":[20,2],"42":[0,0],"43":[54,0],"44":[52,2],"45":[50,2],"46":[50,0],"47":[112,2],"48":[1,111],"49":[1,49],"50":[60,0],"51":[60,0],"52":[0,0],"53":[18,0],"54":[1,0],"55":[8,59],"56":[8,0],"57":[8,59],"58":[8,0],"59":[293,1],"60":[279,14],"61":[230,63],"62":[0,151],"63":[449,0],"64":[0,294],"65":[11,30],"66":[30,28],"67":[25,10],"68":[10,0],"69":[244,0],"70":[244,0],"71":[244,0],"72":[13,0],"73":[13,0],"74":[13,0],"75":[13,0],"76":[39,0],"77":[18,0],"78":[18,0],"79":[6,0],"80":[12,1],"81":[6,308],"82":[5,1],"83":[312,2],"84":[313,1],"85":[0,0]},"f":{"1":298,"2":311,"3":299,"4":296,"5":50,"6":311,"7":19,"8":2,"9":6,"10":31,"11":0,"12":0,"13":0,"14":0,"15":331,"16":0,"17":13,"18":5,"19":34,"20":20,"21":0,"22":20,"23":0,"24":7,"25":0,"26":20,"27":12,"28":0,"29":10,"30":288,"31":9,"32":9,"33":11,"34":10,"35":0,"36":0,"37":0,"38":3,"39":0,"40":0,"41":0,"42":0,"43":1,"44":0,"45":1,"46":0,"47":0,"48":0,"49":15,"50":5,"51":20,"52":0,"53":54,"54":114,"55":60,"56":1,"57":67,"58":294,"59":311,"60":151,"61":449,"62":294,"63":107,"64":42,"65":244,"66":298,"67":13,"68":39,"69":18,"70":13,"71":297,"72":0,"73":314,"74":0,"75":814,"76":518},"fnMap":{"1":{"name":"isIssuableToken","line":143,"loc":{"start":{"line":143,"column":2},"end":{"line":146,"column":2}}},"2":{"name":"isNotMigratedToken","line":150,"loc":{"start":{"line":150,"column":2},"end":{"line":153,"column":2}}},"3":{"name":"onlyMinter","line":157,"loc":{"start":{"line":157,"column":2},"end":{"line":160,"column":2}}},"4":{"name":"constructor","line":178,"loc":{"start":{"line":178,"column":2},"end":{"line":206,"column":2}}},"5":{"name":"totalSupply","line":218,"loc":{"start":{"line":218,"column":2},"end":{"line":220,"column":2}}},"6":{"name":"balanceOf","line":226,"loc":{"start":{"line":226,"column":2},"end":{"line":228,"column":2}}},"7":{"name":"transfer","line":235,"loc":{"start":{"line":235,"column":2},"end":{"line":238,"column":2}}},"8":{"name":"allowance","line":245,"loc":{"start":{"line":245,"column":2},"end":{"line":247,"column":2}}},"9":{"name":"approve","line":254,"loc":{"start":{"line":254,"column":2},"end":{"line":259,"column":2}}},"10":{"name":"transferFrom","line":267,"loc":{"start":{"line":267,"column":2},"end":{"line":279,"column":2}}},"11":{"name":"getDocument","line":293,"loc":{"start":{"line":293,"column":2},"end":{"line":300,"column":2}}},"12":{"name":"setDocument","line":308,"loc":{"start":{"line":308,"column":2},"end":{"line":322,"column":2}}},"13":{"name":"removeDocument","line":328,"loc":{"start":{"line":328,"column":2},"end":{"line":349,"column":2}}},"14":{"name":"getAllDocuments","line":354,"loc":{"start":{"line":354,"column":2},"end":{"line":356,"column":2}}},"15":{"name":"balanceOfByPartition","line":367,"loc":{"start":{"line":367,"column":2},"end":{"line":369,"column":2}}},"16":{"name":"partitionsOf","line":375,"loc":{"start":{"line":375,"column":2},"end":{"line":377,"column":2}}},"17":{"name":"transferWithData","line":388,"loc":{"start":{"line":388,"column":2},"end":{"line":390,"column":2}}},"18":{"name":"transferFromWithData","line":398,"loc":{"start":{"line":398,"column":2},"end":{"line":409,"column":2}}},"19":{"name":"transferByPartition","line":422,"loc":{"start":{"line":422,"column":2},"end":{"line":433,"column":2}}},"20":{"name":"operatorTransferByPartition","line":445,"loc":{"start":{"line":445,"column":2},"end":{"line":471,"column":2}}},"21":{"name":"isControllable","line":481,"loc":{"start":{"line":481,"column":2},"end":{"line":483,"column":2}}},"22":{"name":"authorizeOperator","line":493,"loc":{"start":{"line":493,"column":2},"end":{"line":497,"column":2}}},"23":{"name":"revokeOperator","line":503,"loc":{"start":{"line":503,"column":2},"end":{"line":507,"column":2}}},"24":{"name":"authorizeOperatorByPartition","line":513,"loc":{"start":{"line":513,"column":2},"end":{"line":516,"column":2}}},"25":{"name":"revokeOperatorByPartition","line":523,"loc":{"start":{"line":523,"column":2},"end":{"line":526,"column":2}}},"26":{"name":"isOperator","line":537,"loc":{"start":{"line":537,"column":2},"end":{"line":539,"column":2}}},"27":{"name":"isOperatorForPartition","line":548,"loc":{"start":{"line":548,"column":2},"end":{"line":550,"column":2}}},"28":{"name":"isIssuable","line":559,"loc":{"start":{"line":559,"column":2},"end":{"line":561,"column":2}}},"29":{"name":"issue","line":572,"loc":{"start":{"line":568,"column":2},"end":{"line":577,"column":2}}},"30":{"name":"issueByPartition","line":589,"loc":{"start":{"line":585,"column":2},"end":{"line":592,"column":2}}},"31":{"name":"redeem","line":602,"loc":{"start":{"line":602,"column":2},"end":{"line":607,"column":2}}},"32":{"name":"redeemFrom","line":614,"loc":{"start":{"line":614,"column":2},"end":{"line":629,"column":2}}},"33":{"name":"redeemByPartition","line":636,"loc":{"start":{"line":636,"column":2},"end":{"line":641,"column":2}}},"34":{"name":"operatorRedeemByPartition","line":649,"loc":{"start":{"line":649,"column":2},"end":{"line":662,"column":2}}},"35":{"name":"name","line":676,"loc":{"start":{"line":676,"column":2},"end":{"line":678,"column":2}}},"36":{"name":"symbol","line":683,"loc":{"start":{"line":683,"column":2},"end":{"line":685,"column":2}}},"37":{"name":"decimals","line":690,"loc":{"start":{"line":690,"column":2},"end":{"line":692,"column":2}}},"38":{"name":"granularity","line":697,"loc":{"start":{"line":697,"column":2},"end":{"line":699,"column":2}}},"39":{"name":"totalPartitions","line":704,"loc":{"start":{"line":704,"column":2},"end":{"line":706,"column":2}}},"40":{"name":"totalSupplyByPartition","line":712,"loc":{"start":{"line":712,"column":2},"end":{"line":714,"column":2}}},"41":{"name":"renounceControl","line":723,"loc":{"start":{"line":723,"column":2},"end":{"line":725,"column":2}}},"42":{"name":"renounceIssuance","line":730,"loc":{"start":{"line":730,"column":2},"end":{"line":732,"column":2}}},"43":{"name":"controllers","line":741,"loc":{"start":{"line":741,"column":2},"end":{"line":743,"column":2}}},"44":{"name":"controllersByPartition","line":749,"loc":{"start":{"line":749,"column":2},"end":{"line":751,"column":2}}},"45":{"name":"setControllers","line":756,"loc":{"start":{"line":756,"column":2},"end":{"line":758,"column":2}}},"46":{"name":"setPartitionControllers","line":764,"loc":{"start":{"line":764,"column":3},"end":{"line":766,"column":3}}},"47":{"name":"getDefaultPartitions","line":777,"loc":{"start":{"line":777,"column":2},"end":{"line":779,"column":2}}},"48":{"name":"setDefaultPartitions","line":785,"loc":{"start":{"line":785,"column":2},"end":{"line":787,"column":2}}},"49":{"name":"allowanceByPartition","line":799,"loc":{"start":{"line":799,"column":2},"end":{"line":801,"column":2}}},"50":{"name":"approveByPartition","line":809,"loc":{"start":{"line":809,"column":2},"end":{"line":814,"column":2}}},"51":{"name":"setTokenExtension","line":829,"loc":{"start":{"line":829,"column":2},"end":{"line":831,"column":2}}},"52":{"name":"migrate","line":848,"loc":{"start":{"line":848,"column":2},"end":{"line":850,"column":2}}},"53":{"name":"_transferWithData","line":872,"loc":{"start":{"line":866,"column":2},"end":{"line":882,"column":2}}},"54":{"name":"_transferByPartition","line":894,"loc":{"start":{"line":894,"column":2},"end":{"line":930,"column":2}}},"55":{"name":"_transferByDefaultPartitions","line":940,"loc":{"start":{"line":940,"column":2},"end":{"line":967,"column":2}}},"56":{"name":"_getDestinationPartition","line":978,"loc":{"start":{"line":978,"column":2},"end":{"line":991,"column":2}}},"57":{"name":"_removeTokenFromPartition","line":998,"loc":{"start":{"line":998,"column":2},"end":{"line":1031,"column":2}}},"58":{"name":"_addTokenToPartition","line":1038,"loc":{"start":{"line":1038,"column":2},"end":{"line":1052,"column":2}}},"59":{"name":"_isMultiple","line":1058,"loc":{"start":{"line":1058,"column":2},"end":{"line":1060,"column":2}}},"60":{"name":"_callSenderExtension","line":1075,"loc":{"start":{"line":1075,"column":2},"end":{"line":1091,"column":2}}},"61":{"name":"_callTokenExtension","line":1102,"loc":{"start":{"line":1102,"column":2},"end":{"line":1118,"column":2}}},"62":{"name":"_callRecipientExtension","line":1129,"loc":{"start":{"line":1129,"column":2},"end":{"line":1147,"column":2}}},"63":{"name":"_isOperator","line":1158,"loc":{"start":{"line":1158,"column":2},"end":{"line":1163,"column":2}}},"64":{"name":"_isOperatorForPartition","line":1172,"loc":{"start":{"line":1172,"column":3},"end":{"line":1177,"column":3}}},"65":{"name":"_issue","line":1191,"loc":{"start":{"line":1189,"column":2},"end":{"line":1201,"column":2}}},"66":{"name":"_issueByPartition","line":1210,"loc":{"start":{"line":1210,"column":2},"end":{"line":1227,"column":2}}},"67":{"name":"_redeem","line":1241,"loc":{"start":{"line":1239,"column":2},"end":{"line":1252,"column":2}}},"68":{"name":"_redeemByPartition","line":1262,"loc":{"start":{"line":1262,"column":2},"end":{"line":1281,"column":2}}},"69":{"name":"_redeemByDefaultPartitions","line":1289,"loc":{"start":{"line":1289,"column":2},"end":{"line":1315,"column":2}}},"70":{"name":"_canTransfer","line":1336,"loc":{"start":{"line":1336,"column":2},"end":{"line":1349,"column":2}}},"71":{"name":"_setControllers","line":1363,"loc":{"start":{"line":1363,"column":2},"end":{"line":1371,"column":2}}},"72":{"name":"_setPartitionControllers","line":1377,"loc":{"start":{"line":1377,"column":3},"end":{"line":1385,"column":3}}},"73":{"name":"_setTokenExtension","line":1400,"loc":{"start":{"line":1400,"column":2},"end":{"line":1417,"column":2}}},"74":{"name":"_migrate","line":1435,"loc":{"start":{"line":1435,"column":2},"end":{"line":1441,"column":2}}},"75":{"name":"domainName","line":1445,"loc":{"start":{"line":1445,"column":2},"end":{"line":1447,"column":2}}},"76":{"name":"domainVersion","line":1449,"loc":{"start":{"line":1449,"column":2},"end":{"line":1451,"column":2}}}},"statementMap":{"1":{"start":{"line":144,"column":4},"end":{"line":144,"column":29}},"2":{"start":{"line":151,"column":6},"end":{"line":151,"column":30}},"3":{"start":{"line":158,"column":6},"end":{"line":158,"column":61}},"4":{"start":{"line":186,"column":4},"end":{"line":186,"column":20}},"5":{"start":{"line":187,"column":4},"end":{"line":187,"column":24}},"6":{"start":{"line":188,"column":4},"end":{"line":188,"column":19}},"7":{"start":{"line":189,"column":4},"end":{"line":189,"column":33}},"8":{"start":{"line":190,"column":4},"end":{"line":190,"column":34}},"9":{"start":{"line":192,"column":4},"end":{"line":192,"column":36}},"10":{"start":{"line":194,"column":4},"end":{"line":194,"column":41}},"11":{"start":{"line":196,"column":4},"end":{"line":196,"column":25}},"12":{"start":{"line":197,"column":4},"end":{"line":197,"column":21}},"13":{"start":{"line":200,"column":4},"end":{"line":200,"column":82}},"14":{"start":{"line":201,"column":4},"end":{"line":201,"column":80}},"15":{"start":{"line":204,"column":4},"end":{"line":204,"column":59}},"16":{"start":{"line":205,"column":4},"end":{"line":205,"column":57}},"17":{"start":{"line":219,"column":4},"end":{"line":219,"column":23}},"18":{"start":{"line":227,"column":4},"end":{"line":227,"column":33}},"19":{"start":{"line":236,"column":4},"end":{"line":236,"column":70}},"20":{"start":{"line":237,"column":4},"end":{"line":237,"column":15}},"21":{"start":{"line":246,"column":4},"end":{"line":246,"column":42}},"22":{"start":{"line":255,"column":4},"end":{"line":255,"column":39}},"23":{"start":{"line":256,"column":4},"end":{"line":256,"column":40}},"24":{"start":{"line":257,"column":4},"end":{"line":257,"column":45}},"25":{"start":{"line":258,"column":4},"end":{"line":258,"column":15}},"26":{"start":{"line":268,"column":4},"end":{"line":268,"column":11137}},"27":{"start":{"line":271,"column":4},"end":{"line":271,"column":11219}},"28":{"start":{"line":272,"column":6},"end":{"line":272,"column":71}},"29":{"start":{"line":274,"column":6},"end":{"line":274,"column":35}},"30":{"start":{"line":277,"column":4},"end":{"line":277,"column":64}},"31":{"start":{"line":278,"column":4},"end":{"line":278,"column":15}},"32":{"start":{"line":294,"column":4},"end":{"line":294,"column":57}},"33":{"start":{"line":295,"column":4},"end":{"line":295,"column":12319}},"34":{"start":{"line":309,"column":4},"end":{"line":309,"column":37}},"35":{"start":{"line":310,"column":4},"end":{"line":310,"column":12842}},"36":{"start":{"line":316,"column":4},"end":{"line":316,"column":12963}},"37":{"start":{"line":317,"column":6},"end":{"line":317,"column":34}},"38":{"start":{"line":318,"column":6},"end":{"line":318,"column":56}},"39":{"start":{"line":321,"column":4},"end":{"line":321,"column":52}},"40":{"start":{"line":329,"column":4},"end":{"line":329,"column":53}},"41":{"start":{"line":330,"column":4},"end":{"line":330,"column":82}},"42":{"start":{"line":332,"column":4},"end":{"line":332,"column":41}},"43":{"start":{"line":334,"column":4},"end":{"line":334,"column":52}},"44":{"start":{"line":335,"column":4},"end":{"line":335,"column":39}},"45":{"start":{"line":338,"column":4},"end":{"line":338,"column":57}},"46":{"start":{"line":339,"column":4},"end":{"line":339,"column":37}},"47":{"start":{"line":340,"column":4},"end":{"line":340,"column":40}},"48":{"start":{"line":343,"column":4},"end":{"line":343,"column":19}},"49":{"start":{"line":344,"column":4},"end":{"line":344,"column":38}},"50":{"start":{"line":348,"column":4},"end":{"line":348,"column":60}},"51":{"start":{"line":355,"column":4},"end":{"line":355,"column":21}},"52":{"start":{"line":368,"column":4},"end":{"line":368,"column":56}},"53":{"start":{"line":376,"column":4},"end":{"line":376,"column":37}},"54":{"start":{"line":389,"column":4},"end":{"line":389,"column":72}},"55":{"start":{"line":399,"column":4},"end":{"line":399,"column":16521}},"56":{"start":{"line":402,"column":4},"end":{"line":402,"column":16603}},"57":{"start":{"line":403,"column":6},"end":{"line":403,"column":71}},"58":{"start":{"line":405,"column":6},"end":{"line":405,"column":35}},"59":{"start":{"line":408,"column":4},"end":{"line":408,"column":66}},"60":{"start":{"line":432,"column":4},"end":{"line":432,"column":87}},"61":{"start":{"line":461,"column":4},"end":{"line":461,"column":18665}},"62":{"start":{"line":464,"column":4},"end":{"line":464,"column":18769}},"63":{"start":{"line":465,"column":6},"end":{"line":465,"column":115}},"64":{"start":{"line":467,"column":6},"end":{"line":467,"column":57}},"65":{"start":{"line":470,"column":4},"end":{"line":470,"column":91}},"66":{"start":{"line":482,"column":4},"end":{"line":482,"column":26}},"67":{"start":{"line":494,"column":4},"end":{"line":494,"column":34}},"68":{"start":{"line":495,"column":4},"end":{"line":495,"column":51}},"69":{"start":{"line":496,"column":4},"end":{"line":496,"column":49}},"70":{"start":{"line":504,"column":4},"end":{"line":504,"column":34}},"71":{"start":{"line":505,"column":4},"end":{"line":505,"column":52}},"72":{"start":{"line":506,"column":4},"end":{"line":506,"column":46}},"73":{"start":{"line":514,"column":4},"end":{"line":514,"column":73}},"74":{"start":{"line":515,"column":4},"end":{"line":515,"column":71}},"75":{"start":{"line":524,"column":4},"end":{"line":524,"column":74}},"76":{"start":{"line":525,"column":4},"end":{"line":525,"column":68}},"77":{"start":{"line":538,"column":4},"end":{"line":538,"column":45}},"78":{"start":{"line":549,"column":4},"end":{"line":549,"column":68}},"79":{"start":{"line":560,"column":4},"end":{"line":560,"column":22}},"80":{"start":{"line":574,"column":4},"end":{"line":574,"column":48}},"81":{"start":{"line":576,"column":4},"end":{"line":576,"column":81}},"82":{"start":{"line":591,"column":4},"end":{"line":591,"column":69}},"83":{"start":{"line":606,"column":4},"end":{"line":606,"column":66}},"84":{"start":{"line":619,"column":4},"end":{"line":619,"column":25794}},"85":{"start":{"line":622,"column":4},"end":{"line":622,"column":25875}},"86":{"start":{"line":623,"column":6},"end":{"line":623,"column":71}},"87":{"start":{"line":625,"column":6},"end":{"line":625,"column":35}},"88":{"start":{"line":628,"column":4},"end":{"line":628,"column":60}},"89":{"start":{"line":640,"column":4},"end":{"line":640,"column":73}},"90":{"start":{"line":653,"column":4},"end":{"line":653,"column":145}},"91":{"start":{"line":655,"column":4},"end":{"line":655,"column":27181}},"92":{"start":{"line":656,"column":6},"end":{"line":656,"column":129}},"93":{"start":{"line":658,"column":6},"end":{"line":658,"column":64}},"94":{"start":{"line":661,"column":4},"end":{"line":661,"column":82}},"95":{"start":{"line":677,"column":4},"end":{"line":677,"column":16}},"96":{"start":{"line":684,"column":4},"end":{"line":684,"column":18}},"97":{"start":{"line":691,"column":4},"end":{"line":691,"column":20}},"98":{"start":{"line":698,"column":4},"end":{"line":698,"column":23}},"99":{"start":{"line":705,"column":4},"end":{"line":705,"column":27}},"100":{"start":{"line":713,"column":4},"end":{"line":713,"column":45}},"101":{"start":{"line":724,"column":4},"end":{"line":724,"column":26}},"102":{"start":{"line":731,"column":4},"end":{"line":731,"column":22}},"103":{"start":{"line":742,"column":4},"end":{"line":742,"column":23}},"104":{"start":{"line":750,"column":4},"end":{"line":750,"column":45}},"105":{"start":{"line":757,"column":4},"end":{"line":757,"column":29}},"106":{"start":{"line":765,"column":5},"end":{"line":765,"column":50}},"107":{"start":{"line":778,"column":4},"end":{"line":778,"column":29}},"108":{"start":{"line":786,"column":4},"end":{"line":786,"column":34}},"109":{"start":{"line":800,"column":4},"end":{"line":800,"column":57}},"110":{"start":{"line":810,"column":4},"end":{"line":810,"column":39}},"111":{"start":{"line":811,"column":4},"end":{"line":811,"column":62}},"112":{"start":{"line":812,"column":4},"end":{"line":812,"column":67}},"113":{"start":{"line":813,"column":4},"end":{"line":813,"column":15}},"114":{"start":{"line":830,"column":4},"end":{"line":830,"column":131}},"115":{"start":{"line":849,"column":4},"end":{"line":849,"column":43}},"116":{"start":{"line":874,"column":4},"end":{"line":874,"column":36}},"117":{"start":{"line":875,"column":4},"end":{"line":875,"column":34}},"118":{"start":{"line":876,"column":4},"end":{"line":876,"column":42}},"119":{"start":{"line":878,"column":4},"end":{"line":878,"column":47}},"120":{"start":{"line":879,"column":4},"end":{"line":879,"column":43}},"121":{"start":{"line":881,"column":4},"end":{"line":881,"column":34}},"122":{"start":{"line":906,"column":4},"end":{"line":906,"column":69}},"123":{"start":{"line":908,"column":4},"end":{"line":908,"column":39}},"124":{"start":{"line":910,"column":4},"end":{"line":910,"column":37950}},"125":{"start":{"line":911,"column":6},"end":{"line":911,"column":64}},"126":{"start":{"line":914,"column":4},"end":{"line":914,"column":85}},"127":{"start":{"line":915,"column":4},"end":{"line":915,"column":84}},"128":{"start":{"line":917,"column":4},"end":{"line":917,"column":56}},"129":{"start":{"line":918,"column":4},"end":{"line":918,"column":37}},"130":{"start":{"line":919,"column":4},"end":{"line":919,"column":47}},"131":{"start":{"line":921,"column":4},"end":{"line":921,"column":86}},"132":{"start":{"line":923,"column":4},"end":{"line":923,"column":90}},"133":{"start":{"line":925,"column":4},"end":{"line":925,"column":38589}},"134":{"start":{"line":926,"column":6},"end":{"line":926,"column":62}},"135":{"start":{"line":929,"column":4},"end":{"line":929,"column":22}},"136":{"start":{"line":949,"column":4},"end":{"line":949,"column":48}},"137":{"start":{"line":951,"column":4},"end":{"line":951,"column":35}},"138":{"start":{"line":952,"column":4},"end":{"line":952,"column":25}},"139":{"start":{"line":954,"column":4},"end":{"line":954,"column":39463}},"140":{"start":{"line":955,"column":6},"end":{"line":955,"column":71}},"141":{"start":{"line":956,"column":6},"end":{"line":956,"column":39600}},"142":{"start":{"line":957,"column":8},"end":{"line":957,"column":97}},"143":{"start":{"line":958,"column":8},"end":{"line":958,"column":26}},"144":{"start":{"line":960,"column":13},"end":{"line":960,"column":39796}},"145":{"start":{"line":961,"column":8},"end":{"line":961,"column":95}},"146":{"start":{"line":962,"column":8},"end":{"line":962,"column":56}},"147":{"start":{"line":966,"column":4},"end":{"line":966,"column":38}},"148":{"start":{"line":979,"column":4},"end":{"line":979,"column":100}},"149":{"start":{"line":980,"column":4},"end":{"line":980,"column":16}},"150":{"start":{"line":984,"column":4},"end":{"line":984,"column":40930}},"151":{"start":{"line":989,"column":6},"end":{"line":989,"column":32}},"152":{"start":{"line":999,"column":4},"end":{"line":999,"column":93}},"153":{"start":{"line":1000,"column":4},"end":{"line":1000,"column":85}},"154":{"start":{"line":1003,"column":4},"end":{"line":1003,"column":41633}},"155":{"start":{"line":1004,"column":6},"end":{"line":1004,"column":57}},"156":{"start":{"line":1005,"column":6},"end":{"line":1005,"column":30}},"157":{"start":{"line":1008,"column":6},"end":{"line":1008,"column":71}},"158":{"start":{"line":1009,"column":6},"end":{"line":1009,"column":45}},"159":{"start":{"line":1010,"column":6},"end":{"line":1010,"column":48}},"160":{"start":{"line":1013,"column":6},"end":{"line":1013,"column":27}},"161":{"start":{"line":1014,"column":6},"end":{"line":1014,"column":43}},"162":{"start":{"line":1018,"column":4},"end":{"line":1018,"column":42278}},"163":{"start":{"line":1019,"column":6},"end":{"line":1019,"column":60}},"164":{"start":{"line":1020,"column":6},"end":{"line":1020,"column":30}},"165":{"start":{"line":1023,"column":6},"end":{"line":1023,"column":77}},"166":{"start":{"line":1024,"column":6},"end":{"line":1024,"column":48}},"167":{"start":{"line":1025,"column":6},"end":{"line":1025,"column":51}},"168":{"start":{"line":1028,"column":6},"end":{"line":1028,"column":30}},"169":{"start":{"line":1029,"column":6},"end":{"line":1029,"column":46}},"170":{"start":{"line":1039,"column":4},"end":{"line":1039,"column":43133}},"171":{"start":{"line":1040,"column":6},"end":{"line":1040,"column":43158}},"172":{"start":{"line":1041,"column":8},"end":{"line":1041,"column":40}},"173":{"start":{"line":1042,"column":8},"end":{"line":1042,"column":69}},"174":{"start":{"line":1044,"column":6},"end":{"line":1044,"column":91}},"175":{"start":{"line":1046,"column":6},"end":{"line":1046,"column":43430}},"176":{"start":{"line":1047,"column":8},"end":{"line":1047,"column":39}},"177":{"start":{"line":1048,"column":8},"end":{"line":1048,"column":67}},"178":{"start":{"line":1050,"column":6},"end":{"line":1050,"column":87}},"179":{"start":{"line":1059,"column":4},"end":{"line":1059,"column":62}},"180":{"start":{"line":1086,"column":4},"end":{"line":1086,"column":32}},"181":{"start":{"line":1087,"column":4},"end":{"line":1087,"column":68}},"182":{"start":{"line":1088,"column":4},"end":{"line":1088,"column":45158}},"183":{"start":{"line":1089,"column":6},"end":{"line":1089,"column":132}},"184":{"start":{"line":1113,"column":4},"end":{"line":1113,"column":35}},"185":{"start":{"line":1114,"column":4},"end":{"line":1114,"column":83}},"186":{"start":{"line":1115,"column":4},"end":{"line":1115,"column":46295}},"187":{"start":{"line":1116,"column":6},"end":{"line":1116,"column":138}},"188":{"start":{"line":1141,"column":4},"end":{"line":1141,"column":35}},"189":{"start":{"line":1142,"column":4},"end":{"line":1142,"column":72}},"190":{"start":{"line":1144,"column":4},"end":{"line":1144,"column":47479}},"191":{"start":{"line":1145,"column":6},"end":{"line":1145,"column":136}},"192":{"start":{"line":1159,"column":4},"end":{"line":1159,"column":48343}},"193":{"start":{"line":1173,"column":5},"end":{"line":1173,"column":49135}},"194":{"start":{"line":1193,"column":4},"end":{"line":1193,"column":36}},"195":{"start":{"line":1194,"column":4},"end":{"line":1194,"column":34}},"196":{"start":{"line":1196,"column":4},"end":{"line":1196,"column":41}},"197":{"start":{"line":1197,"column":4},"end":{"line":1197,"column":43}},"198":{"start":{"line":1199,"column":4},"end":{"line":1199,"column":42}},"199":{"start":{"line":1200,"column":4},"end":{"line":1200,"column":40}},"200":{"start":{"line":1219,"column":4},"end":{"line":1219,"column":78}},"201":{"start":{"line":1221,"column":4},"end":{"line":1221,"column":36}},"202":{"start":{"line":1222,"column":4},"end":{"line":1222,"column":47}},"203":{"start":{"line":1224,"column":4},"end":{"line":1224,"column":82}},"204":{"start":{"line":1226,"column":4},"end":{"line":1226,"column":70}},"205":{"start":{"line":1243,"column":4},"end":{"line":1243,"column":36}},"206":{"start":{"line":1244,"column":4},"end":{"line":1244,"column":36}},"207":{"start":{"line":1245,"column":4},"end":{"line":1245,"column":42}},"208":{"start":{"line":1247,"column":4},"end":{"line":1247,"column":47}},"209":{"start":{"line":1248,"column":4},"end":{"line":1248,"column":41}},"210":{"start":{"line":1250,"column":4},"end":{"line":1250,"column":46}},"211":{"start":{"line":1251,"column":4},"end":{"line":1251,"column":42}},"212":{"start":{"line":1272,"column":4},"end":{"line":1272,"column":69}},"213":{"start":{"line":1274,"column":4},"end":{"line":1274,"column":93}},"214":{"start":{"line":1275,"column":4},"end":{"line":1275,"column":92}},"215":{"start":{"line":1277,"column":4},"end":{"line":1277,"column":56}},"216":{"start":{"line":1278,"column":4},"end":{"line":1278,"column":39}},"217":{"start":{"line":1280,"column":4},"end":{"line":1280,"column":80}},"218":{"start":{"line":1297,"column":4},"end":{"line":1297,"column":48}},"219":{"start":{"line":1299,"column":4},"end":{"line":1299,"column":35}},"220":{"start":{"line":1300,"column":4},"end":{"line":1300,"column":25}},"221":{"start":{"line":1302,"column":4},"end":{"line":1302,"column":53749}},"222":{"start":{"line":1303,"column":6},"end":{"line":1303,"column":71}},"223":{"start":{"line":1304,"column":6},"end":{"line":1304,"column":53886}},"224":{"start":{"line":1305,"column":8},"end":{"line":1305,"column":91}},"225":{"start":{"line":1306,"column":8},"end":{"line":1306,"column":26}},"226":{"start":{"line":1309,"column":8},"end":{"line":1309,"column":89}},"227":{"start":{"line":1310,"column":8},"end":{"line":1310,"column":56}},"228":{"start":{"line":1314,"column":4},"end":{"line":1314,"column":38}},"229":{"start":{"line":1341,"column":4},"end":{"line":1341,"column":87}},"230":{"start":{"line":1343,"column":4},"end":{"line":1343,"column":55765}},"231":{"start":{"line":1344,"column":6},"end":{"line":1344,"column":146}},"232":{"start":{"line":1347,"column":6},"end":{"line":1347,"column":36}},"233":{"start":{"line":1364,"column":4},"end":{"line":1364,"column":56697}},"234":{"start":{"line":1365,"column":6},"end":{"line":1365,"column":43}},"235":{"start":{"line":1367,"column":4},"end":{"line":1367,"column":56799}},"236":{"start":{"line":1368,"column":6},"end":{"line":1368,"column":39}},"237":{"start":{"line":1370,"column":4},"end":{"line":1370,"column":27}},"238":{"start":{"line":1378,"column":5},"end":{"line":1378,"column":57177}},"239":{"start":{"line":1379,"column":7},"end":{"line":1379,"column":88}},"240":{"start":{"line":1381,"column":5},"end":{"line":1381,"column":57348}},"241":{"start":{"line":1382,"column":7},"end":{"line":1382,"column":62}},"242":{"start":{"line":1384,"column":5},"end":{"line":1384,"column":50}},"243":{"start":{"line":1401,"column":4},"end":{"line":1401,"column":71}},"244":{"start":{"line":1403,"column":4},"end":{"line":1403,"column":58741}},"245":{"start":{"line":1404,"column":6},"end":{"line":1404,"column":58810}},"246":{"start":{"line":1405,"column":8},"end":{"line":1405,"column":34}},"247":{"start":{"line":1407,"column":6},"end":{"line":1407,"column":40}},"248":{"start":{"line":1410,"column":4},"end":{"line":1410,"column":70}},"249":{"start":{"line":1411,"column":4},"end":{"line":1411,"column":59009}},"250":{"start":{"line":1412,"column":6},"end":{"line":1412,"column":26}},"251":{"start":{"line":1414,"column":4},"end":{"line":1414,"column":59104}},"252":{"start":{"line":1415,"column":6},"end":{"line":1415,"column":36}},"253":{"start":{"line":1436,"column":4},"end":{"line":1436,"column":85}},"254":{"start":{"line":1437,"column":4},"end":{"line":1437,"column":87}},"255":{"start":{"line":1438,"column":4},"end":{"line":1438,"column":60213}},"256":{"start":{"line":1439,"column":6},"end":{"line":1439,"column":21}},"257":{"start":{"line":1446,"column":4},"end":{"line":1446,"column":23}},"258":{"start":{"line":1450,"column":4},"end":{"line":1450,"column":18}}},"branchMap":{"1":{"line":144,"type":"if","locations":[{"start":{"line":144,"column":4},"end":{"line":144,"column":4}},{"start":{"line":144,"column":4},"end":{"line":144,"column":4}}]},"2":{"line":151,"type":"if","locations":[{"start":{"line":151,"column":6},"end":{"line":151,"column":6}},{"start":{"line":151,"column":6},"end":{"line":151,"column":6}}]},"3":{"line":158,"type":"if","locations":[{"start":{"line":158,"column":6},"end":{"line":158,"column":6}},{"start":{"line":158,"column":6},"end":{"line":158,"column":6}}]},"4":{"line":158,"type":"cond-expr","locations":[{"start":{"line":158,"column":14},"end":{"line":158,"column":33}},{"start":{"line":158,"column":38},"end":{"line":158,"column":60}}]},"5":{"line":189,"type":"if","locations":[{"start":{"line":189,"column":4},"end":{"line":189,"column":4}},{"start":{"line":189,"column":4},"end":{"line":189,"column":4}}]},"6":{"line":255,"type":"if","locations":[{"start":{"line":255,"column":4},"end":{"line":255,"column":4}},{"start":{"line":255,"column":4},"end":{"line":255,"column":4}}]},"7":{"line":268,"type":"if","locations":[{"start":{"line":268,"column":4},"end":{"line":268,"column":4}},{"start":{"line":268,"column":4},"end":{"line":268,"column":4}}]},"8":{"line":268,"type":"cond-expr","locations":[{"start":{"line":268,"column":13},"end":{"line":268,"column":41}},{"start":{"line":269,"column":9},"end":{"line":269,"column":45}}]},"9":{"line":271,"type":"if","locations":[{"start":{"line":271,"column":4},"end":{"line":271,"column":4}},{"start":{"line":271,"column":4},"end":{"line":271,"column":4}}]},"10":{"line":294,"type":"if","locations":[{"start":{"line":294,"column":4},"end":{"line":294,"column":4}},{"start":{"line":294,"column":4},"end":{"line":294,"column":4}}]},"11":{"line":309,"type":"if","locations":[{"start":{"line":309,"column":4},"end":{"line":309,"column":4}},{"start":{"line":309,"column":4},"end":{"line":309,"column":4}}]},"12":{"line":316,"type":"if","locations":[{"start":{"line":316,"column":4},"end":{"line":316,"column":4}},{"start":{"line":316,"column":4},"end":{"line":316,"column":4}}]},"13":{"line":329,"type":"if","locations":[{"start":{"line":329,"column":4},"end":{"line":329,"column":4}},{"start":{"line":329,"column":4},"end":{"line":329,"column":4}}]},"14":{"line":330,"type":"if","locations":[{"start":{"line":330,"column":4},"end":{"line":330,"column":4}},{"start":{"line":330,"column":4},"end":{"line":330,"column":4}}]},"15":{"line":335,"type":"if","locations":[{"start":{"line":335,"column":4},"end":{"line":335,"column":4}},{"start":{"line":335,"column":4},"end":{"line":335,"column":4}}]},"16":{"line":399,"type":"if","locations":[{"start":{"line":399,"column":4},"end":{"line":399,"column":4}},{"start":{"line":399,"column":4},"end":{"line":399,"column":4}}]},"17":{"line":399,"type":"cond-expr","locations":[{"start":{"line":399,"column":13},"end":{"line":399,"column":41}},{"start":{"line":400,"column":9},"end":{"line":400,"column":45}}]},"18":{"line":402,"type":"if","locations":[{"start":{"line":402,"column":4},"end":{"line":402,"column":4}},{"start":{"line":402,"column":4},"end":{"line":402,"column":4}}]},"19":{"line":461,"type":"if","locations":[{"start":{"line":461,"column":4},"end":{"line":461,"column":4}},{"start":{"line":461,"column":4},"end":{"line":461,"column":4}}]},"20":{"line":461,"type":"cond-expr","locations":[{"start":{"line":461,"column":12},"end":{"line":461,"column":63}},{"start":{"line":462,"column":9},"end":{"line":462,"column":67}}]},"21":{"line":464,"type":"if","locations":[{"start":{"line":464,"column":4},"end":{"line":464,"column":4}},{"start":{"line":464,"column":4},"end":{"line":464,"column":4}}]},"22":{"line":494,"type":"if","locations":[{"start":{"line":494,"column":4},"end":{"line":494,"column":4}},{"start":{"line":494,"column":4},"end":{"line":494,"column":4}}]},"23":{"line":504,"type":"if","locations":[{"start":{"line":504,"column":4},"end":{"line":504,"column":4}},{"start":{"line":504,"column":4},"end":{"line":504,"column":4}}]},"24":{"line":571,"type":"if","locations":[{"start":{"line":571,"column":4},"end":{"line":571,"column":4}},{"start":{"line":571,"column":4},"end":{"line":571,"column":4}}]},"25":{"line":572,"type":"if","locations":[{"start":{"line":572,"column":4},"end":{"line":572,"column":4}},{"start":{"line":572,"column":4},"end":{"line":572,"column":4}}]},"26":{"line":574,"type":"if","locations":[{"start":{"line":574,"column":4},"end":{"line":574,"column":4}},{"start":{"line":574,"column":4},"end":{"line":574,"column":4}}]},"27":{"line":588,"type":"if","locations":[{"start":{"line":588,"column":4},"end":{"line":588,"column":4}},{"start":{"line":588,"column":4},"end":{"line":588,"column":4}}]},"28":{"line":589,"type":"if","locations":[{"start":{"line":589,"column":4},"end":{"line":589,"column":4}},{"start":{"line":589,"column":4},"end":{"line":589,"column":4}}]},"29":{"line":619,"type":"if","locations":[{"start":{"line":619,"column":4},"end":{"line":619,"column":4}},{"start":{"line":619,"column":4},"end":{"line":619,"column":4}}]},"30":{"line":619,"type":"cond-expr","locations":[{"start":{"line":619,"column":12},"end":{"line":619,"column":40}},{"start":{"line":620,"column":9},"end":{"line":620,"column":45}}]},"31":{"line":622,"type":"if","locations":[{"start":{"line":622,"column":4},"end":{"line":622,"column":4}},{"start":{"line":622,"column":4},"end":{"line":622,"column":4}}]},"32":{"line":653,"type":"if","locations":[{"start":{"line":653,"column":4},"end":{"line":653,"column":4}},{"start":{"line":653,"column":4},"end":{"line":653,"column":4}}]},"33":{"line":653,"type":"cond-expr","locations":[{"start":{"line":653,"column":12},"end":{"line":653,"column":70}},{"start":{"line":653,"column":75},"end":{"line":653,"column":138}}]},"34":{"line":655,"type":"if","locations":[{"start":{"line":655,"column":4},"end":{"line":655,"column":4}},{"start":{"line":655,"column":4},"end":{"line":655,"column":4}}]},"35":{"line":723,"type":"if","locations":[{"start":{"line":723,"column":38},"end":{"line":723,"column":38}},{"start":{"line":723,"column":38},"end":{"line":723,"column":38}}]},"36":{"line":730,"type":"if","locations":[{"start":{"line":730,"column":39},"end":{"line":730,"column":39}},{"start":{"line":730,"column":39},"end":{"line":730,"column":39}}]},"37":{"line":756,"type":"if","locations":[{"start":{"line":756,"column":65},"end":{"line":756,"column":65}},{"start":{"line":756,"column":65},"end":{"line":756,"column":65}}]},"38":{"line":764,"type":"if","locations":[{"start":{"line":764,"column":94},"end":{"line":764,"column":94}},{"start":{"line":764,"column":94},"end":{"line":764,"column":94}}]},"39":{"line":785,"type":"if","locations":[{"start":{"line":785,"column":72},"end":{"line":785,"column":72}},{"start":{"line":785,"column":72},"end":{"line":785,"column":72}}]},"40":{"line":810,"type":"if","locations":[{"start":{"line":810,"column":4},"end":{"line":810,"column":4}},{"start":{"line":810,"column":4},"end":{"line":810,"column":4}}]},"41":{"line":829,"type":"if","locations":[{"start":{"line":829,"column":187},"end":{"line":829,"column":187}},{"start":{"line":829,"column":187},"end":{"line":829,"column":187}}]},"42":{"line":848,"type":"if","locations":[{"start":{"line":848,"column":73},"end":{"line":848,"column":73}},{"start":{"line":848,"column":73},"end":{"line":848,"column":73}}]},"43":{"line":872,"type":"if","locations":[{"start":{"line":872,"column":4},"end":{"line":872,"column":4}},{"start":{"line":872,"column":4},"end":{"line":872,"column":4}}]},"44":{"line":874,"type":"if","locations":[{"start":{"line":874,"column":4},"end":{"line":874,"column":4}},{"start":{"line":874,"column":4},"end":{"line":874,"column":4}}]},"45":{"line":875,"type":"if","locations":[{"start":{"line":875,"column":4},"end":{"line":875,"column":4}},{"start":{"line":875,"column":4},"end":{"line":875,"column":4}}]},"46":{"line":876,"type":"if","locations":[{"start":{"line":876,"column":4},"end":{"line":876,"column":4}},{"start":{"line":876,"column":4},"end":{"line":876,"column":4}}]},"47":{"line":906,"type":"if","locations":[{"start":{"line":906,"column":4},"end":{"line":906,"column":4}},{"start":{"line":906,"column":4},"end":{"line":906,"column":4}}]},"48":{"line":910,"type":"if","locations":[{"start":{"line":910,"column":4},"end":{"line":910,"column":4}},{"start":{"line":910,"column":4},"end":{"line":910,"column":4}}]},"49":{"line":925,"type":"if","locations":[{"start":{"line":925,"column":4},"end":{"line":925,"column":4}},{"start":{"line":925,"column":4},"end":{"line":925,"column":4}}]},"50":{"line":949,"type":"if","locations":[{"start":{"line":949,"column":4},"end":{"line":949,"column":4}},{"start":{"line":949,"column":4},"end":{"line":949,"column":4}}]},"51":{"line":956,"type":"if","locations":[{"start":{"line":956,"column":6},"end":{"line":956,"column":6}},{"start":{"line":956,"column":6},"end":{"line":956,"column":6}}]},"52":{"line":960,"type":"if","locations":[{"start":{"line":960,"column":13},"end":{"line":960,"column":13}},{"start":{"line":960,"column":13},"end":{"line":960,"column":13}}]},"53":{"line":966,"type":"if","locations":[{"start":{"line":966,"column":4},"end":{"line":966,"column":4}},{"start":{"line":966,"column":4},"end":{"line":966,"column":4}}]},"54":{"line":984,"type":"if","locations":[{"start":{"line":984,"column":4},"end":{"line":984,"column":4}},{"start":{"line":984,"column":4},"end":{"line":984,"column":4}}]},"55":{"line":1003,"type":"if","locations":[{"start":{"line":1003,"column":4},"end":{"line":1003,"column":4}},{"start":{"line":1003,"column":4},"end":{"line":1003,"column":4}}]},"56":{"line":1005,"type":"if","locations":[{"start":{"line":1005,"column":6},"end":{"line":1005,"column":6}},{"start":{"line":1005,"column":6},"end":{"line":1005,"column":6}}]},"57":{"line":1018,"type":"if","locations":[{"start":{"line":1018,"column":4},"end":{"line":1018,"column":4}},{"start":{"line":1018,"column":4},"end":{"line":1018,"column":4}}]},"58":{"line":1020,"type":"if","locations":[{"start":{"line":1020,"column":6},"end":{"line":1020,"column":6}},{"start":{"line":1020,"column":6},"end":{"line":1020,"column":6}}]},"59":{"line":1039,"type":"if","locations":[{"start":{"line":1039,"column":4},"end":{"line":1039,"column":4}},{"start":{"line":1039,"column":4},"end":{"line":1039,"column":4}}]},"60":{"line":1040,"type":"if","locations":[{"start":{"line":1040,"column":6},"end":{"line":1040,"column":6}},{"start":{"line":1040,"column":6},"end":{"line":1040,"column":6}}]},"61":{"line":1046,"type":"if","locations":[{"start":{"line":1046,"column":6},"end":{"line":1046,"column":6}},{"start":{"line":1046,"column":6},"end":{"line":1046,"column":6}}]},"62":{"line":1088,"type":"if","locations":[{"start":{"line":1088,"column":4},"end":{"line":1088,"column":4}},{"start":{"line":1088,"column":4},"end":{"line":1088,"column":4}}]},"63":{"line":1115,"type":"if","locations":[{"start":{"line":1115,"column":4},"end":{"line":1115,"column":4}},{"start":{"line":1115,"column":4},"end":{"line":1115,"column":4}}]},"64":{"line":1144,"type":"if","locations":[{"start":{"line":1144,"column":4},"end":{"line":1144,"column":4}},{"start":{"line":1144,"column":4},"end":{"line":1144,"column":4}}]},"65":{"line":1159,"type":"cond-expr","locations":[{"start":{"line":1159,"column":12},"end":{"line":1159,"column":34}},{"start":{"line":1160,"column":9},"end":{"line":1160,"column":50}}]},"66":{"line":1159,"type":"cond-expr","locations":[{"start":{"line":1159,"column":12},"end":{"line":1160,"column":50}},{"start":{"line":1161,"column":9},"end":{"line":1161,"column":52}}]},"67":{"line":1173,"type":"cond-expr","locations":[{"start":{"line":1173,"column":13},"end":{"line":1173,"column":46}},{"start":{"line":1174,"column":10},"end":{"line":1174,"column":73}}]},"68":{"line":1173,"type":"cond-expr","locations":[{"start":{"line":1173,"column":13},"end":{"line":1174,"column":73}},{"start":{"line":1175,"column":10},"end":{"line":1175,"column":75}}]},"69":{"line":1191,"type":"if","locations":[{"start":{"line":1191,"column":4},"end":{"line":1191,"column":4}},{"start":{"line":1191,"column":4},"end":{"line":1191,"column":4}}]},"70":{"line":1193,"type":"if","locations":[{"start":{"line":1193,"column":4},"end":{"line":1193,"column":4}},{"start":{"line":1193,"column":4},"end":{"line":1193,"column":4}}]},"71":{"line":1194,"type":"if","locations":[{"start":{"line":1194,"column":4},"end":{"line":1194,"column":4}},{"start":{"line":1194,"column":4},"end":{"line":1194,"column":4}}]},"72":{"line":1241,"type":"if","locations":[{"start":{"line":1241,"column":4},"end":{"line":1241,"column":4}},{"start":{"line":1241,"column":4},"end":{"line":1241,"column":4}}]},"73":{"line":1243,"type":"if","locations":[{"start":{"line":1243,"column":4},"end":{"line":1243,"column":4}},{"start":{"line":1243,"column":4},"end":{"line":1243,"column":4}}]},"74":{"line":1244,"type":"if","locations":[{"start":{"line":1244,"column":4},"end":{"line":1244,"column":4}},{"start":{"line":1244,"column":4},"end":{"line":1244,"column":4}}]},"75":{"line":1245,"type":"if","locations":[{"start":{"line":1245,"column":4},"end":{"line":1245,"column":4}},{"start":{"line":1245,"column":4},"end":{"line":1245,"column":4}}]},"76":{"line":1272,"type":"if","locations":[{"start":{"line":1272,"column":4},"end":{"line":1272,"column":4}},{"start":{"line":1272,"column":4},"end":{"line":1272,"column":4}}]},"77":{"line":1297,"type":"if","locations":[{"start":{"line":1297,"column":4},"end":{"line":1297,"column":4}},{"start":{"line":1297,"column":4},"end":{"line":1297,"column":4}}]},"78":{"line":1304,"type":"if","locations":[{"start":{"line":1304,"column":6},"end":{"line":1304,"column":6}},{"start":{"line":1304,"column":6},"end":{"line":1304,"column":6}}]},"79":{"line":1314,"type":"if","locations":[{"start":{"line":1314,"column":4},"end":{"line":1314,"column":4}},{"start":{"line":1314,"column":4},"end":{"line":1314,"column":4}}]},"80":{"line":1343,"type":"if","locations":[{"start":{"line":1343,"column":4},"end":{"line":1343,"column":4}},{"start":{"line":1343,"column":4},"end":{"line":1343,"column":4}}]},"81":{"line":1403,"type":"if","locations":[{"start":{"line":1403,"column":4},"end":{"line":1403,"column":4}},{"start":{"line":1403,"column":4},"end":{"line":1403,"column":4}}]},"82":{"line":1404,"type":"if","locations":[{"start":{"line":1404,"column":6},"end":{"line":1404,"column":6}},{"start":{"line":1404,"column":6},"end":{"line":1404,"column":6}}]},"83":{"line":1411,"type":"if","locations":[{"start":{"line":1411,"column":4},"end":{"line":1411,"column":4}},{"start":{"line":1411,"column":4},"end":{"line":1411,"column":4}}]},"84":{"line":1414,"type":"if","locations":[{"start":{"line":1414,"column":4},"end":{"line":1414,"column":4}},{"start":{"line":1414,"column":4},"end":{"line":1414,"column":4}}]},"85":{"line":1438,"type":"if","locations":[{"start":{"line":1438,"column":4},"end":{"line":1438,"column":4}},{"start":{"line":1438,"column":4},"end":{"line":1438,"column":4}}]}}},"contracts/ERC1400Base/ERC1400HoldableCertificateToken.sol":{"l":{"47":295,"48":294,"58":294,"59":293,"62":294,"65":295,"66":295,"88":10,"118":3,"135":13,"136":13,"137":52,"139":13,"140":3872,"142":13},"path":"/Users/thodinh/code/InnoriaSecurityToken/contracts/ERC1400Base/ERC1400HoldableCertificateToken.sol","s":{"1":295,"2":294,"3":294,"4":293,"5":294,"6":295,"7":295,"8":10,"9":3,"10":13,"11":13,"12":52,"13":13,"14":3872,"15":13},"b":{"1":[294,1],"2":[293,1],"3":[295,0]},"f":{"1":295,"2":10,"3":3,"4":13},"fnMap":{"1":{"name":"constructor","line":45,"loc":{"start":{"line":34,"column":2},"end":{"line":68,"column":2}}},"2":{"name":"canTransferByPartition","line":83,"loc":{"start":{"line":83,"column":2},"end":{"line":98,"column":2}}},"3":{"name":"canOperatorTransferByPartition","line":113,"loc":{"start":{"line":113,"column":2},"end":{"line":128,"column":2}}},"4":{"name":"_replaceFunctionSelector","line":134,"loc":{"start":{"line":134,"column":2},"end":{"line":143,"column":2}}}},"statementMap":{"1":{"start":{"line":47,"column":4},"end":{"line":47,"column":1767}},"2":{"start":{"line":48,"column":6},"end":{"line":48,"column":1805}},"3":{"start":{"line":58,"column":6},"end":{"line":58,"column":2147}},"4":{"start":{"line":59,"column":8},"end":{"line":59,"column":82}},"5":{"start":{"line":62,"column":6},"end":{"line":62,"column":78}},"6":{"start":{"line":65,"column":4},"end":{"line":65,"column":2369}},"7":{"start":{"line":66,"column":6},"end":{"line":66,"column":32}},"8":{"start":{"line":88,"column":4},"end":{"line":88,"column":3428}},"9":{"start":{"line":118,"column":4},"end":{"line":118,"column":4799}},"10":{"start":{"line":135,"column":4},"end":{"line":135,"column":59}},"11":{"start":{"line":136,"column":4},"end":{"line":136,"column":5499}},"12":{"start":{"line":137,"column":6},"end":{"line":137,"column":39}},"13":{"start":{"line":139,"column":4},"end":{"line":139,"column":5579}},"14":{"start":{"line":140,"column":6},"end":{"line":140,"column":35}},"15":{"start":{"line":142,"column":4},"end":{"line":142,"column":25}}},"branchMap":{"1":{"line":47,"type":"if","locations":[{"start":{"line":47,"column":4},"end":{"line":47,"column":4}},{"start":{"line":47,"column":4},"end":{"line":47,"column":4}}]},"2":{"line":58,"type":"if","locations":[{"start":{"line":58,"column":6},"end":{"line":58,"column":6}},{"start":{"line":58,"column":6},"end":{"line":58,"column":6}}]},"3":{"line":65,"type":"if","locations":[{"start":{"line":65,"column":4},"end":{"line":65,"column":4}},{"start":{"line":65,"column":4},"end":{"line":65,"column":4}}]}}},"contracts/ERC1820/ERC1820Client.sol":{"l":{"12":906,"13":906,"17":1242,"18":1242,"22":0},"path":"/Users/thodinh/code/InnoriaSecurityToken/contracts/ERC1820/ERC1820Client.sol","s":{"1":906,"2":906,"3":1242,"4":1242,"5":0},"b":{},"f":{"1":906,"2":1242,"3":0},"fnMap":{"1":{"name":"setInterfaceImplementation","line":11,"loc":{"start":{"line":11,"column":4},"end":{"line":14,"column":4}}},"2":{"name":"interfaceAddr","line":16,"loc":{"start":{"line":16,"column":4},"end":{"line":19,"column":4}}},"3":{"name":"delegateManagement","line":21,"loc":{"start":{"line":21,"column":4},"end":{"line":23,"column":4}}}},"statementMap":{"1":{"start":{"line":12,"column":8},"end":{"line":12,"column":76}},"2":{"start":{"line":13,"column":8},"end":{"line":13,"column":93}},"3":{"start":{"line":17,"column":8},"end":{"line":17,"column":76}},"4":{"start":{"line":18,"column":8},"end":{"line":18,"column":75}},"5":{"start":{"line":22,"column":8},"end":{"line":22,"column":61}}},"branchMap":{}},"contracts/ERC1820/ERC1820Implementer.sol":{"l":{"24":316,"25":316,"27":0,"33":606,"38":606,"39":606,"42":606,"43":606,"48":0},"path":"/Users/thodinh/code/InnoriaSecurityToken/contracts/ERC1820/ERC1820Implementer.sol","s":{"1":316,"2":316,"3":0,"4":606,"5":606,"6":606,"7":606,"8":606,"9":0},"b":{"1":[316,0],"2":[0,316],"3":[606,0],"4":[606,0]},"f":{"1":316,"2":606,"3":606,"4":0},"fnMap":{"1":{"name":"canImplementInterfaceForAddress","line":16,"loc":{"start":{"line":16,"column":2},"end":{"line":29,"column":2}}},"2":{"name":"_setInterface","line":32,"loc":{"start":{"line":32,"column":2},"end":{"line":34,"column":2}}},"3":{"name":"_setInterface","line":36,"loc":{"start":{"line":36,"column":2},"end":{"line":44,"column":2}}},"4":{"name":"_setInterfaceForAddress","line":46,"loc":{"start":{"line":46,"column":2},"end":{"line":49,"column":2}}}},"statementMap":{"1":{"start":{"line":24,"column":4},"end":{"line":24,"column":735}},"2":{"start":{"line":25,"column":6},"end":{"line":25,"column":33}},"3":{"start":{"line":27,"column":6},"end":{"line":27,"column":15}},"4":{"start":{"line":33,"column":4},"end":{"line":33,"column":44}},"5":{"start":{"line":38,"column":4},"end":{"line":38,"column":1282}},"6":{"start":{"line":39,"column":6},"end":{"line":39,"column":88}},"7":{"start":{"line":42,"column":4},"end":{"line":42,"column":1431}},"8":{"start":{"line":43,"column":6},"end":{"line":43,"column":85}},"9":{"start":{"line":48,"column":4},"end":{"line":48,"column":77}}},"branchMap":{"1":{"line":24,"type":"if","locations":[{"start":{"line":24,"column":4},"end":{"line":24,"column":4}},{"start":{"line":24,"column":4},"end":{"line":24,"column":4}}]},"2":{"line":24,"type":"cond-expr","locations":[{"start":{"line":24,"column":7},"end":{"line":24,"column":43}},{"start":{"line":24,"column":48},"end":{"line":24,"column":90}}]},"3":{"line":38,"type":"if","locations":[{"start":{"line":38,"column":4},"end":{"line":38,"column":4}},{"start":{"line":38,"column":4},"end":{"line":38,"column":4}}]},"4":{"line":42,"type":"if","locations":[{"start":{"line":42,"column":4},"end":{"line":42,"column":4}},{"start":{"line":42,"column":4},"end":{"line":42,"column":4}}]}}},"contracts/ERC1820/ERC1820Registry.sol":{"l":{},"path":"/Users/thodinh/code/InnoriaSecurityToken/contracts/ERC1820/ERC1820Registry.sol","s":{},"b":{},"f":{},"fnMap":{},"statementMap":{},"branchMap":{}},"contracts/Extensions/ERC1400TokensChecker.sol":{"l":{"33":1,"58":12,"82":12,"85":11,"88":9,"91":8,"93":8,"94":8,"98":7,"99":7,"103":6,"104":6,"105":6,"109":3,"110":3,"113":2},"path":"/Users/thodinh/code/InnoriaSecurityToken/contracts/Extensions/ERC1400TokensChecker.sol","s":{"1":1,"2":12,"3":12,"4":1,"5":11,"6":2,"7":9,"8":1,"9":8,"10":8,"11":8,"12":1,"13":7,"14":7,"15":1,"16":6,"17":6,"18":6,"19":3,"20":3,"21":3,"22":1,"23":2},"b":{"1":[1,11],"2":[2,9],"3":[1,1],"4":[1,8],"5":[1,7],"6":[1,6],"7":[3,3],"8":[1,2]},"f":{"1":1,"2":12,"3":12},"fnMap":{"1":{"name":"constructor","line":32,"loc":{"start":{"line":32,"column":2},"end":{"line":34,"column":2}}},"2":{"name":"canTransferByPartition","line":52,"loc":{"start":{"line":52,"column":3},"end":{"line":59,"column":3}}},"3":{"name":"_canTransferByPartition","line":77,"loc":{"start":{"line":77,"column":3},"end":{"line":114,"column":3}}}},"statementMap":{"1":{"start":{"line":33,"column":4},"end":{"line":33,"column":59}},"2":{"start":{"line":58,"column":5},"end":{"line":58,"column":102}},"3":{"start":{"line":82,"column":5},"end":{"line":82,"column":3657}},"4":{"start":{"line":83,"column":7},"end":{"line":83,"column":37}},"5":{"start":{"line":85,"column":5},"end":{"line":85,"column":3820}},"6":{"start":{"line":86,"column":7},"end":{"line":86,"column":37}},"7":{"start":{"line":88,"column":5},"end":{"line":88,"column":4015}},"8":{"start":{"line":89,"column":7},"end":{"line":89,"column":37}},"9":{"start":{"line":91,"column":5},"end":{"line":91,"column":31}},"10":{"start":{"line":93,"column":5},"end":{"line":93,"column":81}},"11":{"start":{"line":94,"column":5},"end":{"line":94,"column":4229}},"12":{"start":{"line":96,"column":7},"end":{"line":96,"column":37}},"13":{"start":{"line":98,"column":5},"end":{"line":98,"column":82}},"14":{"start":{"line":99,"column":5},"end":{"line":99,"column":4552}},"15":{"start":{"line":101,"column":7},"end":{"line":101,"column":37}},"16":{"start":{"line":103,"column":5},"end":{"line":103,"column":90}},"17":{"start":{"line":104,"column":5},"end":{"line":104,"column":172}},"18":{"start":{"line":105,"column":5},"end":{"line":105,"column":5061}},"19":{"start":{"line":107,"column":7},"end":{"line":107,"column":37}},"20":{"start":{"line":109,"column":5},"end":{"line":109,"column":69}},"21":{"start":{"line":110,"column":5},"end":{"line":110,"column":5334}},"22":{"start":{"line":111,"column":7},"end":{"line":111,"column":37}},"23":{"start":{"line":113,"column":5},"end":{"line":113,"column":35}}},"branchMap":{"1":{"line":82,"type":"if","locations":[{"start":{"line":82,"column":5},"end":{"line":82,"column":5}},{"start":{"line":82,"column":5},"end":{"line":82,"column":5}}]},"2":{"line":85,"type":"if","locations":[{"start":{"line":85,"column":5},"end":{"line":85,"column":5}},{"start":{"line":85,"column":5},"end":{"line":85,"column":5}}]},"3":{"line":85,"type":"cond-expr","locations":[{"start":{"line":85,"column":8},"end":{"line":85,"column":51}},{"start":{"line":85,"column":56},"end":{"line":85,"column":123}}]},"4":{"line":88,"type":"if","locations":[{"start":{"line":88,"column":5},"end":{"line":88,"column":5}},{"start":{"line":88,"column":5},"end":{"line":88,"column":5}}]},"5":{"line":94,"type":"if","locations":[{"start":{"line":94,"column":5},"end":{"line":94,"column":5}},{"start":{"line":94,"column":5},"end":{"line":94,"column":5}}]},"6":{"line":99,"type":"if","locations":[{"start":{"line":99,"column":5},"end":{"line":99,"column":5}},{"start":{"line":99,"column":5},"end":{"line":99,"column":5}}]},"7":{"line":105,"type":"if","locations":[{"start":{"line":105,"column":5},"end":{"line":105,"column":5}},{"start":{"line":105,"column":5},"end":{"line":105,"column":5}}]},"8":{"line":110,"type":"if","locations":[{"start":{"line":110,"column":5},"end":{"line":110,"column":5}},{"start":{"line":110,"column":5},"end":{"line":110,"column":5}}]}}},"contracts/Extensions/ERC1400TokensValidator.sol":{"l":{"125":450,"131":436,"138":21,"145":17,"152":311,"159":307,"166":167,"173":163,"180":44,"187":40,"191":11,"201":836,"223":432,"224":432,"225":432,"226":432,"227":432,"228":432,"237":432,"238":139,"240":432,"241":436,"243":432,"257":6,"259":6,"261":6,"263":6,"265":6,"267":6,"295":449,"296":449,"297":449,"299":383,"302":383,"303":383,"306":319,"307":319,"310":315,"311":315,"313":313,"316":311,"317":311,"318":311,"319":1,"320":1,"347":555,"353":317,"354":295,"360":295,"361":233,"363":62,"367":22,"375":2,"377":20,"382":238,"399":387,"403":190,"404":156,"405":18,"407":138,"408":18,"411":154,"412":153,"413":16,"415":137,"416":12,"421":323,"437":319,"438":317,"442":2,"446":317,"465":317,"466":72,"467":39,"468":39,"470":39,"471":1,"475":71,"476":3,"480":313,"490":14,"504":3,"524":9,"555":6,"557":4,"588":55,"619":7,"621":5,"653":10,"654":8,"686":11,"687":9,"689":7,"719":88,"721":88,"722":86,"723":84,"724":82,"729":66,"730":57,"733":64,"734":64,"735":64,"736":64,"737":64,"738":64,"739":64,"740":64,"742":64,"744":55,"746":55,"754":55,"757":64,"769":64,"776":13,"783":13,"785":13,"789":11,"796":9,"797":2,"799":7,"800":6,"802":1,"806":9,"807":8,"809":8,"817":8,"820":9,"822":9,"829":17,"836":7,"838":5,"845":22,"847":22,"852":20,"854":18,"859":10,"860":10,"862":10,"870":10,"877":18,"891":8,"913":26,"915":26,"916":26,"917":4,"918":4,"920":12,"923":26,"924":16,"925":6,"934":10,"944":16,"945":3,"947":13,"951":10,"955":16,"970":11,"971":9,"974":11,"976":11,"998":6,"999":5,"1002":6,"1003":6,"1005":6,"1019":55,"1020":55,"1022":55,"1023":55,"1030":22,"1031":22,"1033":22,"1034":22,"1041":6,"1042":4,"1044":2,"1052":89,"1054":89,"1055":88,"1058":89,"1065":31,"1072":61,"1080":413,"1088":413,"1090":413,"1097":25,"1098":2,"1100":2,"1102":2,"1104":2,"1106":17,"1114":6,"1117":4,"1119":2,"1127":61,"1130":13,"1132":48,"1150":54,"1151":54,"1168":20,"1175":20,"1182":20,"1189":32,"1196":31,"1203":20,"1210":31,"1217":148,"1225":100,"1226":100,"1228":100,"1229":84,"1231":16,"1241":737,"1242":737,"1243":60,"1245":677,"1258":483,"1259":2,"1261":243,"1271":737,"1281":3,"1291":8,"1309":22,"1310":2,"1313":20,"1314":20,"1317":20,"1325":20,"1326":2,"1329":18,"1330":12,"1334":18,"1336":16,"1337":16,"1338":2112,"1342":16,"1349":16,"1356":16,"1357":16,"1359":16,"1367":16,"1368":2,"1371":16,"1381":247,"1399":295,"1400":44,"1403":251,"1404":251,"1405":251,"1408":251,"1417":251,"1418":2,"1421":249,"1422":243,"1426":249,"1428":247,"1429":247,"1430":41020,"1434":247,"1442":247,"1449":247,"1450":247,"1452":247,"1460":247,"1461":233,"1464":16},"path":"/Users/thodinh/code/InnoriaSecurityToken/contracts/Extensions/ERC1400TokensValidator.sol","s":{"1":450,"2":21,"3":311,"4":167,"5":44,"6":11,"7":836,"8":432,"9":432,"10":432,"11":432,"12":432,"13":432,"14":432,"15":139,"16":432,"17":436,"18":432,"19":6,"20":6,"21":6,"22":6,"23":6,"24":6,"25":449,"26":449,"27":383,"28":383,"29":319,"30":315,"31":313,"32":311,"33":311,"34":1,"35":1,"36":555,"37":317,"38":295,"39":295,"40":233,"41":62,"42":22,"43":2,"44":20,"45":238,"46":387,"47":190,"48":156,"49":18,"50":138,"51":18,"52":154,"53":153,"54":16,"55":137,"56":12,"57":323,"58":319,"59":317,"60":2,"61":317,"62":317,"63":72,"64":39,"65":39,"66":39,"67":1,"68":71,"69":3,"70":313,"71":14,"72":3,"73":9,"74":6,"75":4,"76":55,"77":7,"78":5,"79":10,"80":8,"81":11,"82":9,"83":7,"84":88,"85":88,"86":86,"87":84,"88":82,"89":66,"90":57,"91":64,"92":64,"93":64,"94":64,"95":64,"96":64,"97":64,"98":64,"99":64,"100":55,"101":55,"102":55,"103":64,"104":64,"105":13,"106":13,"107":13,"108":11,"109":9,"110":2,"111":7,"112":6,"113":1,"114":9,"115":8,"116":8,"117":9,"118":9,"119":17,"120":7,"121":5,"122":22,"123":22,"124":20,"125":18,"126":10,"127":10,"128":10,"129":10,"130":18,"131":8,"132":26,"133":26,"134":26,"135":4,"136":4,"137":22,"138":12,"139":26,"140":16,"141":6,"142":10,"143":16,"144":3,"145":13,"146":10,"147":16,"148":11,"149":9,"150":11,"151":11,"152":6,"153":5,"154":6,"155":6,"156":6,"157":55,"158":55,"159":55,"160":55,"161":22,"162":22,"163":22,"164":22,"165":6,"166":4,"167":2,"168":89,"169":89,"170":88,"171":89,"172":31,"173":61,"174":413,"175":413,"176":413,"177":25,"178":2,"179":23,"180":2,"181":21,"182":2,"183":19,"184":2,"185":17,"186":6,"187":4,"188":2,"189":61,"190":13,"191":48,"192":54,"193":54,"194":20,"195":20,"196":20,"197":32,"198":31,"199":20,"200":31,"201":148,"202":100,"203":100,"204":100,"205":84,"206":16,"207":737,"208":737,"209":60,"210":677,"211":483,"212":2,"213":481,"214":243,"215":737,"216":3,"217":8,"218":22,"219":2,"220":20,"221":20,"222":20,"223":2,"224":18,"225":12,"226":18,"227":16,"228":16,"229":2112,"230":16,"231":16,"232":16,"233":16,"234":16,"235":2,"236":16,"237":247,"238":295,"239":44,"240":251,"241":251,"242":251,"243":251,"244":2,"245":249,"246":243,"247":249,"248":247,"249":247,"250":41020,"251":247,"252":247,"253":247,"254":247,"255":247,"256":233,"257":16},"b":{"1":[436,14],"2":[294,3],"3":[3,139],"4":[17,4],"5":[1,4],"6":[4,11],"7":[11,1],"8":[307,4],"9":[294,4],"10":[4,8],"11":[8,1],"12":[163,4],"13":[1,4],"14":[4,157],"15":[157,1],"16":[40,4],"17":[1,4],"18":[4,34],"19":[34,1],"20":[432,12],"21":[383,66],"22":[319,64],"23":[315,4],"24":[313,2],"25":[311,2],"26":[1,310],"27":[317,238],"28":[295,22],"29":[233,62],"30":[2,20],"31":[190,197],"32":[42,148],"33":[156,34],"34":[18,138],"35":[18,120],"36":[153,1],"37":[16,137],"38":[12,125],"39":[317,2],"40":[2,315],"41":[72,245],"42":[39,33],"43":[1,38],"44":[3,68],"45":[3,2],"46":[8,2],"47":[7,2],"48":[86,2],"49":[84,2],"50":[82,2],"51":[66,16],"52":[57,9],"53":[55,2],"54":[55,9],"55":[11,2],"56":[10,1],"57":[9,2],"58":[2,6],"59":[6,1],"60":[2,7],"61":[6,1],"62":[8,1],"63":[20,2],"64":[19,1],"65":[18,2],"66":[10,8],"67":[4,22],"68":[12,10],"69":[16,10],"70":[6,10],"71":[3,13],"72":[9,2],"73":[5,1],"74":[4,2],"75":[88,1],"76":[23,8],"77":[20,3],"78":[2,23],"79":[2,21],"80":[2,19],"81":[2,17],"82":[4,2],"83":[13,48],"84":[84,16],"85":[8,58],"86":[60,677],"87":[24,36],"88":[2,481],"89":[243,238],"90":[2,20],"91":[2,18],"92":[12,6],"93":[16,2],"94":[12,4],"95":[2,14],"96":[44,251],"97":[2,249],"98":[243,6],"99":[247,2],"100":[113,134],"101":[233,14]},"f":{"1":450,"2":21,"3":311,"4":167,"5":44,"6":11,"7":836,"8":432,"9":432,"10":6,"11":449,"12":555,"13":387,"14":319,"15":317,"16":14,"17":3,"18":9,"19":6,"20":55,"21":7,"22":10,"23":11,"24":88,"25":13,"26":13,"27":17,"28":7,"29":22,"30":18,"31":8,"32":26,"33":11,"34":6,"35":55,"36":22,"37":6,"38":89,"39":31,"40":61,"41":413,"42":25,"43":6,"44":61,"45":54,"46":20,"47":20,"48":20,"49":32,"50":31,"51":20,"52":31,"53":148,"54":100,"55":737,"56":483,"57":737,"58":3,"59":8,"60":22,"61":247,"62":295},"fnMap":{"1":{"name":"onlyTokenController","line":124,"loc":{"start":{"line":124,"column":2},"end":{"line":132,"column":2}}},"2":{"name":"onlyPauser","line":137,"loc":{"start":{"line":137,"column":2},"end":{"line":146,"column":2}}},"3":{"name":"onlyCertificateSigner","line":151,"loc":{"start":{"line":151,"column":2},"end":{"line":160,"column":2}}},"4":{"name":"onlyAllowlistAdmin","line":165,"loc":{"start":{"line":165,"column":2},"end":{"line":174,"column":2}}},"5":{"name":"onlyBlocklistAdmin","line":179,"loc":{"start":{"line":179,"column":2},"end":{"line":188,"column":2}}},"6":{"name":"constructor","line":190,"loc":{"start":{"line":190,"column":2},"end":{"line":194,"column":2}}},"7":{"name":"retrieveTokenSetup","line":200,"loc":{"start":{"line":200,"column":2},"end":{"line":209,"column":2}}},"8":{"name":"registerTokenSetup","line":222,"loc":{"start":{"line":214,"column":2},"end":{"line":229,"column":2}}},"9":{"name":"_setTokenControllers","line":236,"loc":{"start":{"line":236,"column":2},"end":{"line":244,"column":2}}},"10":{"name":"canValidate","line":251,"loc":{"start":{"line":251,"column":2},"end":{"line":268,"column":2}}},"11":{"name":"tokensToValidate","line":281,"loc":{"start":{"line":281,"column":2},"end":{"line":330,"column":2}}},"12":{"name":"_canValidateCertificateToken","line":337,"loc":{"start":{"line":337,"column":2},"end":{"line":383,"column":2}}},"13":{"name":"_canValidateAllowlistAndBlocklistToken","line":389,"loc":{"start":{"line":389,"column":2},"end":{"line":422,"column":2}}},"14":{"name":"_canValidateGranularToken","line":428,"loc":{"start":{"line":428,"column":2},"end":{"line":447,"column":2}}},"15":{"name":"_canValidateHoldableToken","line":453,"loc":{"start":{"line":453,"column":2},"end":{"line":481,"column":2}}},"16":{"name":"granularityByPartition","line":489,"loc":{"start":{"line":489,"column":2},"end":{"line":491,"column":2}}},"17":{"name":"setGranularityByPartition","line":502,"loc":{"start":{"line":496,"column":2},"end":{"line":505,"column":2}}},"18":{"name":"preHoldFor","line":510,"loc":{"start":{"line":510,"column":2},"end":{"line":536,"column":2}}},"19":{"name":"preHoldForWithExpirationDate","line":541,"loc":{"start":{"line":541,"column":2},"end":{"line":569,"column":2}}},"20":{"name":"hold","line":574,"loc":{"start":{"line":574,"column":2},"end":{"line":600,"column":2}}},"21":{"name":"holdWithExpirationDate","line":605,"loc":{"start":{"line":605,"column":2},"end":{"line":633,"column":2}}},"22":{"name":"holdFrom","line":638,"loc":{"start":{"line":638,"column":2},"end":{"line":666,"column":2}}},"23":{"name":"holdFromWithExpirationDate","line":671,"loc":{"start":{"line":671,"column":2},"end":{"line":701,"column":2}}},"24":{"name":"_createHold","line":706,"loc":{"start":{"line":706,"column":2},"end":{"line":770,"column":2}}},"25":{"name":"releaseHold","line":775,"loc":{"start":{"line":775,"column":2},"end":{"line":777,"column":2}}},"26":{"name":"_releaseHold","line":782,"loc":{"start":{"line":782,"column":2},"end":{"line":823,"column":2}}},"27":{"name":"renewHold","line":828,"loc":{"start":{"line":828,"column":2},"end":{"line":830,"column":2}}},"28":{"name":"renewHoldWithExpirationDate","line":835,"loc":{"start":{"line":835,"column":2},"end":{"line":839,"column":2}}},"29":{"name":"_renewHold","line":844,"loc":{"start":{"line":844,"column":2},"end":{"line":871,"column":2}}},"30":{"name":"executeHold","line":876,"loc":{"start":{"line":876,"column":2},"end":{"line":885,"column":2}}},"31":{"name":"executeHoldAndKeepOpen","line":890,"loc":{"start":{"line":890,"column":2},"end":{"line":899,"column":2}}},"32":{"name":"_executeHold","line":904,"loc":{"start":{"line":904,"column":2},"end":{"line":956,"column":2}}},"33":{"name":"_setHoldToExecuted","line":961,"loc":{"start":{"line":961,"column":2},"end":{"line":984,"column":2}}},"34":{"name":"_setHoldToExecutedAndKeptOpen","line":989,"loc":{"start":{"line":989,"column":2},"end":{"line":1013,"column":2}}},"35":{"name":"_increaseHeldBalance","line":1018,"loc":{"start":{"line":1018,"column":2},"end":{"line":1024,"column":2}}},"36":{"name":"_decreaseHeldBalance","line":1029,"loc":{"start":{"line":1029,"column":2},"end":{"line":1035,"column":2}}},"37":{"name":"_checkSecret","line":1040,"loc":{"start":{"line":1040,"column":2},"end":{"line":1046,"column":2}}},"38":{"name":"_computeExpiration","line":1051,"loc":{"start":{"line":1051,"column":2},"end":{"line":1059,"column":2}}},"39":{"name":"_checkExpiration","line":1064,"loc":{"start":{"line":1064,"column":2},"end":{"line":1066,"column":2}}},"40":{"name":"_isExpired","line":1071,"loc":{"start":{"line":1071,"column":2},"end":{"line":1073,"column":2}}},"41":{"name":"_retrieveHoldHashId","line":1078,"loc":{"start":{"line":1078,"column":2},"end":{"line":1091,"column":2}}},"42":{"name":"_holdCanBeExecuted","line":1096,"loc":{"start":{"line":1096,"column":2},"end":{"line":1108,"column":2}}},"43":{"name":"_holdCanBeExecutedAsSecretHolder","line":1113,"loc":{"start":{"line":1113,"column":2},"end":{"line":1121,"column":2}}},"44":{"name":"_holdCanBeExecutedAsNotary","line":1126,"loc":{"start":{"line":1126,"column":2},"end":{"line":1134,"column":2}}},"45":{"name":"retrieveHoldData","line":1139,"loc":{"start":{"line":1139,"column":2},"end":{"line":1162,"column":2}}},"46":{"name":"totalSupplyOnHold","line":1167,"loc":{"start":{"line":1167,"column":2},"end":{"line":1169,"column":2}}},"47":{"name":"totalSupplyOnHoldByPartition","line":1174,"loc":{"start":{"line":1174,"column":2},"end":{"line":1176,"column":2}}},"48":{"name":"balanceOnHold","line":1181,"loc":{"start":{"line":1181,"column":2},"end":{"line":1183,"column":2}}},"49":{"name":"balanceOnHoldByPartition","line":1188,"loc":{"start":{"line":1188,"column":2},"end":{"line":1190,"column":2}}},"50":{"name":"spendableBalanceOf","line":1195,"loc":{"start":{"line":1195,"column":2},"end":{"line":1197,"column":2}}},"51":{"name":"spendableBalanceOfByPartition","line":1202,"loc":{"start":{"line":1202,"column":2},"end":{"line":1204,"column":2}}},"52":{"name":"_spendableBalanceOf","line":1209,"loc":{"start":{"line":1209,"column":2},"end":{"line":1211,"column":2}}},"53":{"name":"_spendableBalanceOfByPartition","line":1216,"loc":{"start":{"line":1216,"column":2},"end":{"line":1218,"column":2}}},"54":{"name":"_canHoldOrCanPreHold","line":1224,"loc":{"start":{"line":1224,"column":2},"end":{"line":1233,"column":2}}},"55":{"name":"_functionSupportsCertificateValidation","line":1240,"loc":{"start":{"line":1240,"column":2},"end":{"line":1247,"column":2}}},"56":{"name":"_useCertificateIfActivated","line":1256,"loc":{"start":{"line":1256,"column":2},"end":{"line":1263,"column":2}}},"57":{"name":"_getFunctionSig","line":1270,"loc":{"start":{"line":1270,"column":2},"end":{"line":1272,"column":2}}},"58":{"name":"_isMultiple","line":1280,"loc":{"start":{"line":1280,"column":2},"end":{"line":1282,"column":2}}},"59":{"name":"usedCertificateNonce","line":1290,"loc":{"start":{"line":1290,"column":2},"end":{"line":1292,"column":2}}},"60":{"name":"_checkNonceBasedCertificate","line":1298,"loc":{"start":{"line":1298,"column":2},"end":{"line":1372,"column":2}}},"61":{"name":"usedCertificateSalt","line":1380,"loc":{"start":{"line":1380,"column":2},"end":{"line":1382,"column":2}}},"62":{"name":"_checkSaltBasedCertificate","line":1388,"loc":{"start":{"line":1388,"column":2},"end":{"line":1465,"column":2}}}},"statementMap":{"1":{"start":{"line":125,"column":4},"end":{"line":125,"column":4770}},"2":{"start":{"line":138,"column":4},"end":{"line":138,"column":5076}},"3":{"start":{"line":152,"column":4},"end":{"line":152,"column":5419}},"4":{"start":{"line":166,"column":4},"end":{"line":166,"column":5792}},"5":{"start":{"line":180,"column":4},"end":{"line":180,"column":6159}},"6":{"start":{"line":191,"column":4},"end":{"line":191,"column":61}},"7":{"start":{"line":201,"column":4},"end":{"line":201,"column":6733}},"8":{"start":{"line":223,"column":4},"end":{"line":223,"column":54}},"9":{"start":{"line":224,"column":4},"end":{"line":224,"column":50}},"10":{"start":{"line":225,"column":4},"end":{"line":225,"column":50}},"11":{"start":{"line":226,"column":4},"end":{"line":226,"column":76}},"12":{"start":{"line":227,"column":4},"end":{"line":227,"column":42}},"13":{"start":{"line":228,"column":4},"end":{"line":228,"column":41}},"14":{"start":{"line":237,"column":4},"end":{"line":237,"column":7880}},"15":{"start":{"line":238,"column":6},"end":{"line":238,"column":67}},"16":{"start":{"line":240,"column":4},"end":{"line":240,"column":8018}},"17":{"start":{"line":241,"column":6},"end":{"line":241,"column":51}},"18":{"start":{"line":243,"column":4},"end":{"line":243,"column":39}},"19":{"start":{"line":257,"column":4},"end":{"line":257,"column":164}},"20":{"start":{"line":259,"column":4},"end":{"line":259,"column":126}},"21":{"start":{"line":261,"column":4},"end":{"line":261,"column":61}},"22":{"start":{"line":263,"column":4},"end":{"line":263,"column":107}},"23":{"start":{"line":265,"column":4},"end":{"line":265,"column":142}},"24":{"start":{"line":267,"column":4},"end":{"line":267,"column":27}},"25":{"start":{"line":296,"column":8},"end":{"line":296,"column":208}},"26":{"start":{"line":297,"column":8},"end":{"line":297,"column":49}},"27":{"start":{"line":299,"column":8},"end":{"line":299,"column":81}},"28":{"start":{"line":303,"column":8},"end":{"line":303,"column":91}},"29":{"start":{"line":307,"column":8},"end":{"line":307,"column":41}},"30":{"start":{"line":311,"column":8},"end":{"line":311,"column":77}},"31":{"start":{"line":313,"column":8},"end":{"line":313,"column":97}},"32":{"start":{"line":317,"column":8},"end":{"line":317,"column":98}},"33":{"start":{"line":318,"column":8},"end":{"line":318,"column":11284}},"34":{"start":{"line":319,"column":10},"end":{"line":319,"column":66}},"35":{"start":{"line":320,"column":10},"end":{"line":320,"column":11415}},"36":{"start":{"line":347,"column":4},"end":{"line":347,"column":12083}},"37":{"start":{"line":353,"column":6},"end":{"line":353,"column":12306}},"38":{"start":{"line":354,"column":8},"end":{"line":354,"column":12387}},"39":{"start":{"line":360,"column":8},"end":{"line":360,"column":12540}},"40":{"start":{"line":361,"column":10},"end":{"line":361,"column":62}},"41":{"start":{"line":363,"column":10},"end":{"line":363,"column":61}},"42":{"start":{"line":367,"column":8},"end":{"line":367,"column":12816}},"43":{"start":{"line":375,"column":10},"end":{"line":375,"column":61}},"44":{"start":{"line":377,"column":10},"end":{"line":377,"column":62}},"45":{"start":{"line":382,"column":4},"end":{"line":382,"column":49}},"46":{"start":{"line":399,"column":4},"end":{"line":399,"column":13616}},"47":{"start":{"line":403,"column":6},"end":{"line":403,"column":13759}},"48":{"start":{"line":404,"column":8},"end":{"line":404,"column":13802}},"49":{"start":{"line":405,"column":10},"end":{"line":405,"column":22}},"50":{"start":{"line":407,"column":8},"end":{"line":407,"column":13900}},"51":{"start":{"line":408,"column":10},"end":{"line":408,"column":22}},"52":{"start":{"line":411,"column":6},"end":{"line":411,"column":13998}},"53":{"start":{"line":412,"column":8},"end":{"line":412,"column":14041}},"54":{"start":{"line":413,"column":10},"end":{"line":413,"column":22}},"55":{"start":{"line":415,"column":8},"end":{"line":415,"column":14138}},"56":{"start":{"line":416,"column":10},"end":{"line":416,"column":22}},"57":{"start":{"line":421,"column":4},"end":{"line":421,"column":15}},"58":{"start":{"line":437,"column":4},"end":{"line":437,"column":14588}},"59":{"start":{"line":438,"column":6},"end":{"line":438,"column":14642}},"60":{"start":{"line":442,"column":8},"end":{"line":442,"column":20}},"61":{"start":{"line":446,"column":4},"end":{"line":446,"column":15}},"62":{"start":{"line":465,"column":4},"end":{"line":465,"column":15226}},"63":{"start":{"line":466,"column":6},"end":{"line":466,"column":15286}},"64":{"start":{"line":467,"column":8},"end":{"line":467,"column":93}},"65":{"start":{"line":468,"column":8},"end":{"line":468,"column":54}},"66":{"start":{"line":470,"column":8},"end":{"line":470,"column":15479}},"67":{"start":{"line":471,"column":10},"end":{"line":471,"column":21}},"68":{"start":{"line":475,"column":6},"end":{"line":475,"column":15659}},"69":{"start":{"line":476,"column":8},"end":{"line":476,"column":20}},"70":{"start":{"line":480,"column":4},"end":{"line":480,"column":15}},"71":{"start":{"line":490,"column":4},"end":{"line":490,"column":52}},"72":{"start":{"line":504,"column":4},"end":{"line":504,"column":58}},"73":{"start":{"line":524,"column":4},"end":{"line":524,"column":16728}},"74":{"start":{"line":555,"column":4},"end":{"line":555,"column":31}},"75":{"start":{"line":557,"column":4},"end":{"line":557,"column":17341}},"76":{"start":{"line":588,"column":4},"end":{"line":588,"column":17851}},"77":{"start":{"line":619,"column":4},"end":{"line":619,"column":31}},"78":{"start":{"line":621,"column":4},"end":{"line":621,"column":18454}},"79":{"start":{"line":653,"column":4},"end":{"line":653,"column":74}},"80":{"start":{"line":654,"column":4},"end":{"line":654,"column":19094}},"81":{"start":{"line":686,"column":4},"end":{"line":686,"column":31}},"82":{"start":{"line":687,"column":4},"end":{"line":687,"column":74}},"83":{"start":{"line":689,"column":4},"end":{"line":689,"column":19824}},"84":{"start":{"line":719,"column":4},"end":{"line":719,"column":48}},"85":{"start":{"line":721,"column":4},"end":{"line":721,"column":77}},"86":{"start":{"line":722,"column":4},"end":{"line":722,"column":57}},"87":{"start":{"line":723,"column":4},"end":{"line":723,"column":60}},"88":{"start":{"line":724,"column":4},"end":{"line":724,"column":20593}},"89":{"start":{"line":729,"column":4},"end":{"line":729,"column":20749}},"90":{"start":{"line":730,"column":6},"end":{"line":730,"column":159}},"91":{"start":{"line":733,"column":4},"end":{"line":733,"column":32}},"92":{"start":{"line":734,"column":4},"end":{"line":734,"column":26}},"93":{"start":{"line":735,"column":4},"end":{"line":735,"column":32}},"94":{"start":{"line":736,"column":4},"end":{"line":736,"column":26}},"95":{"start":{"line":737,"column":4},"end":{"line":737,"column":24}},"96":{"start":{"line":738,"column":4},"end":{"line":738,"column":34}},"97":{"start":{"line":739,"column":4},"end":{"line":739,"column":34}},"98":{"start":{"line":740,"column":4},"end":{"line":740,"column":42}},"99":{"start":{"line":742,"column":4},"end":{"line":742,"column":21260}},"100":{"start":{"line":744,"column":6},"end":{"line":744,"column":41}},"101":{"start":{"line":746,"column":6},"end":{"line":746,"column":21402}},"102":{"start":{"line":754,"column":6},"end":{"line":754,"column":32}},"103":{"start":{"line":757,"column":4},"end":{"line":757,"column":21630}},"104":{"start":{"line":769,"column":4},"end":{"line":769,"column":15}},"105":{"start":{"line":776,"column":4},"end":{"line":776,"column":38}},"106":{"start":{"line":783,"column":4},"end":{"line":783,"column":55}},"107":{"start":{"line":785,"column":4},"end":{"line":785,"column":22166}},"108":{"start":{"line":789
[...]
,"column":43}},"8":{"start":{"line":51,"column":8},"end":{"line":51,"column":47}}},"branchMap":{"1":{"line":28,"type":"if","locations":[{"start":{"line":28,"column":8},"end":{"line":28,"column":8}},{"start":{"line":28,"column":8},"end":{"line":28,"column":8}}]},"2":{"line":36,"type":"if","locations":[{"start":{"line":36,"column":67},"end":{"line":36,"column":67}},{"start":{"line":36,"column":67},"end":{"line":36,"column":67}}]},"3":{"line":40,"type":"if","locations":[{"start":{"line":40,"column":70},"end":{"line":40,"column":70}},{"start":{"line":40,"column":70},"end":{"line":40,"column":70}}]}}},"contracts/Roles/BlocklistAdminRole.sol":{"l":{"25":4,"26":2,"30":31,"34":9,"38":1,"42":1,"46":11,"47":11,"51":2,"52":2},"path":"/Users/thodinh/code/InnoriaSecurityToken/contracts/Roles/BlocklistAdminRole.sol","s":{"1":4,"2":31,"3":9,"4":1,"5":1,"6":11,"7":11,"8":2,"9":2},"b":{"1":[2,2],"2":[9,4],"3":[1,2]},"f":{"1":4,"2":31,"3":9,"4":1,"5":1,"6":11,"7":2},"fnMap":{"1":{"name":"onlyBlocklistAdmin","line":24,"loc":{"start":{"line":24,"column":4},"end":{"line":27,"column":4}}},"2":{"name":"isBlocklistAdmin","line":29,"loc":{"start":{"line":29,"column":4},"end":{"line":31,"column":4}}},"3":{"name":"addBlocklistAdmin","line":33,"loc":{"start":{"line":33,"column":4},"end":{"line":35,"column":4}}},"4":{"name":"removeBlocklistAdmin","line":37,"loc":{"start":{"line":37,"column":4},"end":{"line":39,"column":4}}},"5":{"name":"renounceBlocklistAdmin","line":41,"loc":{"start":{"line":41,"column":4},"end":{"line":43,"column":4}}},"6":{"name":"_addBlocklistAdmin","line":45,"loc":{"start":{"line":45,"column":4},"end":{"line":48,"column":4}}},"7":{"name":"_removeBlocklistAdmin","line":50,"loc":{"start":{"line":50,"column":4},"end":{"line":53,"column":4}}}},"statementMap":{"1":{"start":{"line":25,"column":8},"end":{"line":25,"column":51}},"2":{"start":{"line":30,"column":8},"end":{"line":30,"column":51}},"3":{"start":{"line":34,"column":8},"end":{"line":34,"column":41}},"4":{"start":{"line":38,"column":8},"end":{"line":38,"column":44}},"5":{"start":{"line":42,"column":8},"end":{"line":42,"column":47}},"6":{"start":{"line":46,"column":8},"end":{"line":46,"column":43}},"7":{"start":{"line":47,"column":8},"end":{"line":47,"column":48}},"8":{"start":{"line":51,"column":8},"end":{"line":51,"column":46}},"9":{"start":{"line":52,"column":8},"end":{"line":52,"column":50}}},"branchMap":{"1":{"line":25,"type":"if","locations":[{"start":{"line":25,"column":8},"end":{"line":25,"column":8}},{"start":{"line":25,"column":8},"end":{"line":25,"column":8}}]},"2":{"line":33,"type":"if","locations":[{"start":{"line":33,"column":70},"end":{"line":33,"column":70}},{"start":{"line":33,"column":70},"end":{"line":33,"column":70}}]},"3":{"line":37,"type":"if","locations":[{"start":{"line":37,"column":73},"end":{"line":37,"column":73}},{"start":{"line":37,"column":73},"end":{"line":37,"column":73}}]}}},"contracts/Roles/BlocklistedRole.sol":{"l":{"28":3,"29":1,"33":221,"37":31,"41":1,"45":31,"46":31,"50":1,"51":1},"path":"/Users/thodinh/code/InnoriaSecurityToken/contracts/Roles/BlocklistedRole.sol","s":{"1":3,"2":221,"3":31,"4":1,"5":31,"6":31,"7":1,"8":1},"b":{"1":[1,2],"2":[31,0],"3":[1,0]},"f":{"1":3,"2":221,"3":31,"4":1,"5":31,"6":1},"fnMap":{"1":{"name":"onlyNotBlocklisted","line":27,"loc":{"start":{"line":27,"column":4},"end":{"line":30,"column":4}}},"2":{"name":"isBlocklisted","line":32,"loc":{"start":{"line":32,"column":4},"end":{"line":34,"column":4}}},"3":{"name":"addBlocklisted","line":36,"loc":{"start":{"line":36,"column":4},"end":{"line":38,"column":4}}},"4":{"name":"removeBlocklisted","line":40,"loc":{"start":{"line":40,"column":4},"end":{"line":42,"column":4}}},"5":{"name":"_addBlocklisted","line":44,"loc":{"start":{"line":44,"column":4},"end":{"line":47,"column":4}}},"6":{"name":"_removeBlocklisted","line":49,"loc":{"start":{"line":49,"column":4},"end":{"line":52,"column":4}}}},"statementMap":{"1":{"start":{"line":28,"column":8},"end":{"line":28,"column":49}},"2":{"start":{"line":33,"column":8},"end":{"line":33,"column":48}},"3":{"start":{"line":37,"column":8},"end":{"line":37,"column":38}},"4":{"start":{"line":41,"column":8},"end":{"line":41,"column":41}},"5":{"start":{"line":45,"column":8},"end":{"line":45,"column":40}},"6":{"start":{"line":46,"column":8},"end":{"line":46,"column":45}},"7":{"start":{"line":50,"column":8},"end":{"line":50,"column":43}},"8":{"start":{"line":51,"column":8},"end":{"line":51,"column":47}}},"branchMap":{"1":{"line":28,"type":"if","locations":[{"start":{"line":28,"column":8},"end":{"line":28,"column":8}},{"start":{"line":28,"column":8},"end":{"line":28,"column":8}}]},"2":{"line":36,"type":"if","locations":[{"start":{"line":36,"column":67},"end":{"line":36,"column":67}},{"start":{"line":36,"column":67},"end":{"line":36,"column":67}}]},"3":{"line":40,"type":"if","locations":[{"start":{"line":40,"column":70},"end":{"line":40,"column":70}},{"start":{"line":40,"column":70},"end":{"line":40,"column":70}}]}}},"contracts/Roles/CertificateSignerRole.sol":{"l":{"25":3,"26":1,"30":625,"34":305,"38":3,"42":1,"46":306,"47":306,"51":4,"52":4},"path":"/Users/thodinh/code/InnoriaSecurityToken/contracts/Roles/CertificateSignerRole.sol","s":{"1":3,"2":625,"3":305,"4":3,"5":1,"6":306,"7":306,"8":4,"9":4},"b":{"1":[1,2],"2":[305,4],"3":[3,2]},"f":{"1":3,"2":625,"3":305,"4":3,"5":1,"6":306,"7":4},"fnMap":{"1":{"name":"onlyCertificateSigner","line":24,"loc":{"start":{"line":24,"column":4},"end":{"line":27,"column":4}}},"2":{"name":"isCertificateSigner","line":29,"loc":{"start":{"line":29,"column":4},"end":{"line":31,"column":4}}},"3":{"name":"addCertificateSigner","line":33,"loc":{"start":{"line":33,"column":4},"end":{"line":35,"column":4}}},"4":{"name":"removeCertificateSigner","line":37,"loc":{"start":{"line":37,"column":4},"end":{"line":39,"column":4}}},"5":{"name":"renounceCertificateSigner","line":41,"loc":{"start":{"line":41,"column":4},"end":{"line":43,"column":4}}},"6":{"name":"_addCertificateSigner","line":45,"loc":{"start":{"line":45,"column":4},"end":{"line":48,"column":4}}},"7":{"name":"_removeCertificateSigner","line":50,"loc":{"start":{"line":50,"column":4},"end":{"line":53,"column":4}}}},"statementMap":{"1":{"start":{"line":25,"column":8},"end":{"line":25,"column":54}},"2":{"start":{"line":30,"column":8},"end":{"line":30,"column":54}},"3":{"start":{"line":34,"column":8},"end":{"line":34,"column":44}},"4":{"start":{"line":38,"column":8},"end":{"line":38,"column":47}},"5":{"start":{"line":42,"column":8},"end":{"line":42,"column":50}},"6":{"start":{"line":46,"column":8},"end":{"line":46,"column":46}},"7":{"start":{"line":47,"column":8},"end":{"line":47,"column":51}},"8":{"start":{"line":51,"column":8},"end":{"line":51,"column":49}},"9":{"start":{"line":52,"column":8},"end":{"line":52,"column":53}}},"branchMap":{"1":{"line":25,"type":"if","locations":[{"start":{"line":25,"column":8},"end":{"line":25,"column":8}},{"start":{"line":25,"column":8},"end":{"line":25,"column":8}}]},"2":{"line":33,"type":"if","locations":[{"start":{"line":33,"column":73},"end":{"line":33,"column":73}},{"start":{"line":33,"column":73},"end":{"line":33,"column":73}}]},"3":{"line":37,"type":"if","locations":[{"start":{"line":37,"column":76},"end":{"line":37,"column":76}},{"start":{"line":37,"column":76},"end":{"line":37,"column":76}}]}}},"contracts/Roles/MinterRole.sol":{"l":{"23":296,"27":0,"28":0,"32":652,"36":1,"40":0,"44":1,"48":609,"49":609,"53":6,"54":6},"path":"/Users/thodinh/code/InnoriaSecurityToken/contracts/Roles/MinterRole.sol","s":{"1":296,"2":0,"3":652,"4":1,"5":0,"6":1,"7":609,"8":609,"9":6,"10":6},"b":{"1":[0,0],"2":[1,0],"3":[0,0]},"f":{"1":296,"2":0,"3":652,"4":1,"5":0,"6":1,"7":609,"8":6},"fnMap":{"1":{"name":"constructor","line":22,"loc":{"start":{"line":22,"column":4},"end":{"line":24,"column":4}}},"2":{"name":"onlyMinter","line":26,"loc":{"start":{"line":26,"column":4},"end":{"line":29,"column":4}}},"3":{"name":"isMinter","line":31,"loc":{"start":{"line":31,"column":4},"end":{"line":33,"column":4}}},"4":{"name":"addMinter","line":35,"loc":{"start":{"line":35,"column":4},"end":{"line":37,"column":4}}},"5":{"name":"removeMinter","line":39,"loc":{"start":{"line":39,"column":4},"end":{"line":41,"column":4}}},"6":{"name":"renounceMinter","line":43,"loc":{"start":{"line":43,"column":4},"end":{"line":45,"column":4}}},"7":{"name":"_addMinter","line":47,"loc":{"start":{"line":47,"column":4},"end":{"line":50,"column":4}}},"8":{"name":"_removeMinter","line":52,"loc":{"start":{"line":52,"column":4},"end":{"line":55,"column":4}}}},"statementMap":{"1":{"start":{"line":23,"column":8},"end":{"line":23,"column":29}},"2":{"start":{"line":27,"column":8},"end":{"line":27,"column":36}},"3":{"start":{"line":32,"column":8},"end":{"line":32,"column":36}},"4":{"start":{"line":36,"column":8},"end":{"line":36,"column":26}},"5":{"start":{"line":40,"column":8},"end":{"line":40,"column":29}},"6":{"start":{"line":44,"column":8},"end":{"line":44,"column":32}},"7":{"start":{"line":48,"column":8},"end":{"line":48,"column":28}},"8":{"start":{"line":49,"column":8},"end":{"line":49,"column":33}},"9":{"start":{"line":53,"column":8},"end":{"line":53,"column":31}},"10":{"start":{"line":54,"column":8},"end":{"line":54,"column":35}}},"branchMap":{"1":{"line":27,"type":"if","locations":[{"start":{"line":27,"column":8},"end":{"line":27,"column":8}},{"start":{"line":27,"column":8},"end":{"line":27,"column":8}}]},"2":{"line":35,"type":"if","locations":[{"start":{"line":35,"column":47},"end":{"line":35,"column":47}},{"start":{"line":35,"column":47},"end":{"line":35,"column":47}}]},"3":{"line":39,"type":"if","locations":[{"start":{"line":39,"column":50},"end":{"line":39,"column":50}},{"start":{"line":39,"column":50},"end":{"line":39,"column":50}}]}}},"contracts/Roles/PauserRole.sol":{"l":{"25":4,"26":2,"30":30,"34":9,"38":1,"42":1,"46":10,"47":10,"51":2,"52":2},"path":"/Users/thodinh/code/InnoriaSecurityToken/contracts/Roles/PauserRole.sol","s":{"1":4,"2":30,"3":9,"4":1,"5":1,"6":10,"7":10,"8":2,"9":2},"b":{"1":[2,2],"2":[9,2],"3":[1,2]},"f":{"1":4,"2":30,"3":9,"4":1,"5":1,"6":10,"7":2},"fnMap":{"1":{"name":"onlyPauser","line":24,"loc":{"start":{"line":24,"column":4},"end":{"line":27,"column":4}}},"2":{"name":"isPauser","line":29,"loc":{"start":{"line":29,"column":4},"end":{"line":31,"column":4}}},"3":{"name":"addPauser","line":33,"loc":{"start":{"line":33,"column":4},"end":{"line":35,"column":4}}},"4":{"name":"removePauser","line":37,"loc":{"start":{"line":37,"column":4},"end":{"line":39,"column":4}}},"5":{"name":"renouncePauser","line":41,"loc":{"start":{"line":41,"column":4},"end":{"line":43,"column":4}}},"6":{"name":"_addPauser","line":45,"loc":{"start":{"line":45,"column":4},"end":{"line":48,"column":4}}},"7":{"name":"_removePauser","line":50,"loc":{"start":{"line":50,"column":4},"end":{"line":53,"column":4}}}},"statementMap":{"1":{"start":{"line":25,"column":8},"end":{"line":25,"column":43}},"2":{"start":{"line":30,"column":8},"end":{"line":30,"column":43}},"3":{"start":{"line":34,"column":8},"end":{"line":34,"column":33}},"4":{"start":{"line":38,"column":8},"end":{"line":38,"column":36}},"5":{"start":{"line":42,"column":8},"end":{"line":42,"column":39}},"6":{"start":{"line":46,"column":8},"end":{"line":46,"column":35}},"7":{"start":{"line":47,"column":8},"end":{"line":47,"column":40}},"8":{"start":{"line":51,"column":8},"end":{"line":51,"column":38}},"9":{"start":{"line":52,"column":8},"end":{"line":52,"column":42}}},"branchMap":{"1":{"line":25,"type":"if","locations":[{"start":{"line":25,"column":8},"end":{"line":25,"column":8}},{"start":{"line":25,"column":8},"end":{"line":25,"column":8}}]},"2":{"line":33,"type":"if","locations":[{"start":{"line":33,"column":62},"end":{"line":33,"column":62}},{"start":{"line":33,"column":62},"end":{"line":33,"column":62}}]},"3":{"line":37,"type":"if","locations":[{"start":{"line":37,"column":65},"end":{"line":37,"column":65}},{"start":{"line":37,"column":65},"end":{"line":37,"column":65}}]}}},"contracts/Roles/Roles.sol":{"l":{"18":0,"19":0,"28":1122,"29":1122,"36":28,"37":28,"45":2984,"46":2984},"path":"/Users/thodinh/code/InnoriaSecurityToken/contracts/Roles/Roles.sol","s":{"1":0,"2":1122,"3":1122,"4":28,"5":28,"6":2984,"7":2984},"b":{"1":[1122,0],"2":[28,0],"3":[2984,0]},"f":{"1":0,"2":1122,"3":28,"4":2984},"fnMap":{"1":{"name":"roleStorage","line":17,"loc":{"start":{"line":17,"column":4},"end":{"line":22,"column":4}}},"2":{"name":"add","line":27,"loc":{"start":{"line":27,"column":4},"end":{"line":30,"column":4}}},"3":{"name":"remove","line":35,"loc":{"start":{"line":35,"column":4},"end":{"line":38,"column":4}}},"4":{"name":"has","line":44,"loc":{"start":{"line":44,"column":4},"end":{"line":47,"column":4}}}},"statementMap":{"1":{"start":{"line":18,"column":8},"end":{"line":18,"column":40}},"2":{"start":{"line":28,"column":8},"end":{"line":28,"column":70}},"3":{"start":{"line":29,"column":8},"end":{"line":29,"column":34}},"4":{"start":{"line":36,"column":8},"end":{"line":36,"column":71}},"5":{"start":{"line":37,"column":8},"end":{"line":37,"column":35}},"6":{"start":{"line":45,"column":8},"end":{"line":45,"column":75}},"7":{"start":{"line":46,"column":8},"end":{"line":46,"column":35}}},"branchMap":{"1":{"line":28,"type":"if","locations":[{"start":{"line":28,"column":8},"end":{"line":28,"column":8}},{"start":{"line":28,"column":8},"end":{"line":28,"column":8}}]},"2":{"line":36,"type":"if","locations":[{"start":{"line":36,"column":8},"end":{"line":36,"column":8}},{"start":{"line":36,"column":8},"end":{"line":36,"column":8}}]},"3":{"line":45,"type":"if","locations":[{"start":{"line":45,"column":8},"end":{"line":45,"column":8}},{"start":{"line":45,"column":8},"end":{"line":45,"column":8}}]}}},"contracts/Tools/DomainAware.sol":{"l":{"25":296,"26":0,"31":0,"32":0,"42":518,"43":518,"44":518,"46":518,"47":518,"50":518,"62":518,"66":0,"70":0,"72":0,"74":0,"76":0,"81":0,"86":0,"87":0,"89":0,"91":0,"92":0,"95":0,"99":518,"100":518,"104":518},"path":"/Users/thodinh/code/InnoriaSecurityToken/contracts/Tools/DomainAware.sol","s":{"1":296,"2":0,"3":0,"4":518,"5":518,"6":518,"7":518,"8":518,"9":518,"10":518,"11":0,"12":0,"13":0,"14":0,"15":0,"16":0,"17":0,"18":0,"19":0,"20":0,"21":0,"22":0,"23":518,"24":518},"b":{"1":[0,296],"2":[518,0],"3":[518,0],"4":[0,0],"5":[0,0]},"f":{"1":296,"2":0,"3":518,"4":0,"5":0,"6":0,"7":518},"fnMap":{"1":{"name":"constructor","line":24,"loc":{"start":{"line":24,"column":4},"end":{"line":28,"column":4}}},"2":{"name":"domainAwareData","line":30,"loc":{"start":{"line":30,"column":4},"end":{"line":35,"column":4}}},"3":{"name":"generateDomainSeparator","line":41,"loc":{"start":{"line":41,"column":4},"end":{"line":63,"column":4}}},"4":{"name":"domainSeparator","line":65,"loc":{"start":{"line":65,"column":4},"end":{"line":67,"column":4}}},"5":{"name":"_updateDomainSeparator","line":69,"loc":{"start":{"line":69,"column":4},"end":{"line":82,"column":4}}},"6":{"name":"_domainSeparator","line":85,"loc":{"start":{"line":85,"column":4},"end":{"line":96,"column":4}}},"7":{"name":"_chainID","line":98,"loc":{"start":{"line":98,"column":4},"end":{"line":105,"column":4}}}},"statementMap":{"1":{"start":{"line":25,"column":8},"end":{"line":25,"column":721}},"2":{"start":{"line":26,"column":12},"end":{"line":26,"column":35}},"3":{"start":{"line":31,"column":8},"end":{"line":31,"column":44}},"4":{"start":{"line":42,"column":8},"end":{"line":42,"column":36}},"5":{"start":{"line":43,"column":8},"end":{"line":43,"column":38}},"6":{"start":{"line":44,"column":8},"end":{"line":44,"column":59}},"7":{"start":{"line":46,"column":8},"end":{"line":46,"column":53}},"8":{"start":{"line":47,"column":8},"end":{"line":47,"column":56}},"9":{"start":{"line":50,"column":8},"end":{"line":50,"column":1533}},"10":{"start":{"line":62,"column":8},"end":{"line":62,"column":34}},"11":{"start":{"line":66,"column":8},"end":{"line":66,"column":33}},"12":{"start":{"line":70,"column":8},"end":{"line":70,"column":36}},"13":{"start":{"line":72,"column":8},"end":{"line":72,"column":62}},"14":{"start":{"line":74,"column":8},"end":{"line":74,"column":76}},"15":{"start":{"line":76,"column":8},"end":{"line":76,"column":2319}},"16":{"start":{"line":81,"column":8},"end":{"line":81,"column":33}},"17":{"start":{"line":86,"column":8},"end":{"line":86,"column":36}},"18":{"start":{"line":87,"column":8},"end":{"line":87,"column":49}},"19":{"start":{"line":89,"column":8},"end":{"line":89,"column":90}},"20":{"start":{"line":91,"column":8},"end":{"line":91,"column":2811}},"21":{"start":{"line":92,"column":12},"end":{"line":92,"column":52}},"22":{"start":{"line":95,"column":8},"end":{"line":95,"column":39}},"23":{"start":{"line":99,"column":8},"end":{"line":99,"column":23}},"24":{"start":{"line":104,"column":8},"end":{"line":104,"column":22}}},"branchMap":{"1":{"line":25,"type":"if","locations":[{"start":{"line":25,"column":8},"end":{"line":25,"column":8}},{"start":{"line":25,"column":8},"end":{"line":25,"column":8}}]},"2":{"line":46,"type":"if","locations":[{"start":{"line":46,"column":8},"end":{"line":46,"column":8}},{"start":{"line":46,"column":8},"end":{"line":46,"column":8}}]},"3":{"line":47,"type":"if","locations":[{"start":{"line":47,"column":8},"end":{"line":47,"column":8}},{"start":{"line":47,"column":8},"end":{"line":47,"column":8}}]},"4":{"line":74,"type":"if","locations":[{"start":{"line":74,"column":8},"end":{"line":74,"column":8}},{"start":{"line":74,"column":8},"end":{"line":74,"column":8}}]},"5":{"line":91,"type":"if","locations":[{"start":{"line":91,"column":8},"end":{"line":91,"column":8}},{"start":{"line":91,"column":8},"end":{"line":91,"column":8}}]}}},"contracts/Tools/Pausable.sol":{"l":{"21":331,"28":5,"29":3,"36":3,"37":1,"44":3,"45":3,"52":1,"53":1},"path":"/Users/thodinh/code/InnoriaSecurityToken/contracts/Tools/Pausable.sol","s":{"1":331,"2":5,"3":3,"4":3,"5":3,"6":1,"7":1},"b":{"1":[3,2],"2":[1,2],"3":[5,0],"4":[3,2],"5":[3,0],"6":[1,2]},"f":{"1":331,"2":5,"3":3,"4":3,"5":1},"fnMap":{"1":{"name":"paused","line":20,"loc":{"start":{"line":20,"column":4},"end":{"line":22,"column":4}}},"2":{"name":"whenNotPaused","line":27,"loc":{"start":{"line":27,"column":4},"end":{"line":30,"column":4}}},"3":{"name":"whenPaused","line":35,"loc":{"start":{"line":35,"column":4},"end":{"line":38,"column":4}}},"4":{"name":"pause","line":43,"loc":{"start":{"line":43,"column":4},"end":{"line":46,"column":4}}},"5":{"name":"unpause","line":51,"loc":{"start":{"line":51,"column":4},"end":{"line":54,"column":4}}}},"statementMap":{"1":{"start":{"line":21,"column":8},"end":{"line":21,"column":29}},"2":{"start":{"line":28,"column":8},"end":{"line":28,"column":31}},"3":{"start":{"line":36,"column":8},"end":{"line":36,"column":30}},"4":{"start":{"line":44,"column":8},"end":{"line":44,"column":28}},"5":{"start":{"line":45,"column":8},"end":{"line":45,"column":38}},"6":{"start":{"line":52,"column":8},"end":{"line":52,"column":29}},"7":{"start":{"line":53,"column":8},"end":{"line":53,"column":40}}},"branchMap":{"1":{"line":28,"type":"if","locations":[{"start":{"line":28,"column":8},"end":{"line":28,"column":8}},{"start":{"line":28,"column":8},"end":{"line":28,"column":8}}]},"2":{"line":36,"type":"if","locations":[{"start":{"line":36,"column":8},"end":{"line":36,"column":8}},{"start":{"line":36,"column":8},"end":{"line":36,"column":8}}]},"3":{"line":43,"type":"if","locations":[{"start":{"line":43,"column":41},"end":{"line":43,"column":41}},{"start":{"line":43,"column":41},"end":{"line":43,"column":41}}]},"4":{"line":43,"type":"if","locations":[{"start":{"line":43,"column":59},"end":{"line":43,"column":59}},{"start":{"line":43,"column":59},"end":{"line":43,"column":59}}]},"5":{"line":51,"type":"if","locations":[{"start":{"line":51,"column":43},"end":{"line":51,"column":43}},{"start":{"line":51,"column":43},"end":{"line":51,"column":43}}]},"6":{"line":51,"type":"if","locations":[{"start":{"line":51,"column":61},"end":{"line":51,"column":61}},{"start":{"line":51,"column":61},"end":{"line":51,"column":61}}]}}}}